[2024-01-13 14:20:34,297] 27 root - INFO - data ingestion started
[2024-01-13 14:20:35,364] 31 root - INFO - I have read dataset as dataframe
[2024-01-13 14:20:41,697] 36 root - INFO -  i have saved the raw dataset in artifact folder
[2024-01-13 14:20:41,765] 41 root - INFO - Train-Test split completed
[2024-01-13 14:20:48,063] 46 root - INFO - Raw data has been splitted into train and test data
[2024-01-13 14:20:48,063] 47 root - INFO - Now data ingestion part is completed
[2024-01-13 14:20:48,063] 72 root - INFO -  initiate_data_transformation stage initiated 
[2024-01-13 14:20:49,180] 77 root - INFO - Train Dataframe Head : 
      Time        V1        V2        V3        V4        V5        V6        V7        V8        V9       V10       V11       V12       V13       V14       V15       V16       V17       V18       V19       V20       V21       V22       V23       V24       V25       V26       V27       V28  Amount  Class
0  68211.0 -0.232757  0.878042  1.426171  0.788125  0.715658  0.291727  0.782522 -0.089892 -0.876847  0.165062  1.288703  0.592053  0.295073  0.296704  0.787892 -0.543134 -0.273589  0.234778  0.808510  0.146726  0.160082  0.693899 -0.257791 -0.277812 -0.201570 -0.254559  0.008936 -0.090373    9.40      0
1  43147.0  1.067789 -0.558784  0.815124  0.624843 -0.842045  0.472964 -0.764869  0.344938  0.961401 -0.053938 -0.043459  0.012760 -1.477307  0.072257 -0.257858  0.683278 -0.632156  0.737581  0.550035 -0.030717 -0.072609 -0.274298 -0.122756 -0.501376  0.256173  0.349120 -0.010822  0.016726   74.99      0
[2024-01-13 14:20:49,196] 78 root - INFO - Test Dataframe Head : 
       Time        V1        V2        V3        V4        V5        V6        V7        V8        V9       V10       V11       V12       V13       V14       V15       V16       V17       V18       V19       V20       V21       V22       V23       V24       V25       V26       V27       V28  Amount  Class
0   84066.0 -0.436256  1.079969  1.385457 -0.062109  0.221420 -0.297527  0.559413  0.173653 -0.742044 -0.398649  1.969736  1.009967  0.442865 -0.285145  0.379127  0.204811  0.083585 -0.216735 -0.239097  0.110489 -0.167308 -0.386515  0.015580  0.185936 -0.276013  0.070036  0.262548  0.087556    0.69      0
1  118650.0 -0.584876  0.377209  1.243547 -0.831755  0.461171 -0.320612  0.328768 -0.026615  0.246726 -0.692995 -1.533626  0.078387  0.698423 -0.371545  0.127468  0.566740 -0.876343 -0.107588  0.118960 -0.071745 -0.154053 -0.425863 -0.039918 -0.637836 -0.708237  0.256402  0.002434  0.180558   19.99      0
[2024-01-13 14:20:49,196] 83 root - INFO - Column names in the dataframe: Index(['Time', 'V1', 'V2', 'V3', 'V4', 'V5', 'V6', 'V7', 'V8', 'V9', 'V10',
       'V11', 'V12', 'V13', 'V14', 'V15', 'V16', 'V17', 'V18', 'V19', 'V20',
       'V21', 'V22', 'V23', 'V24', 'V25', 'V26', 'V27', 'V28', 'Amount',
       'Class'],
      dtype='object')
[2024-01-13 14:20:49,196] 84 root - INFO - Columns specified in numerical_cols: ['V1', 'V2', 'V3', 'V4', 'V5', 'V6', 'V7', 'V8', 'V9', 'V10', 'V11', 'V12', 'V13', 'V14', 'V15', 'V16', 'V17', 'V18', 'V19', 'V20', 'V21', 'V22', 'V23', 'V24', 'V25', 'V26', 'V27', 'V28']
[2024-01-13 14:20:49,197] 42 root - INFO - get_data_transformation stage started
[2024-01-13 14:20:49,197] 45 root - INFO - Pipeline initiated
[2024-01-13 14:20:49,197] 100 root - INFO - Applying preprocessing object on training and testing datasets.
[2024-01-13 14:20:49,595] 106 root - INFO - Taking array of dataframe for better learning (fast processing)
[2024-01-13 14:20:49,614] 118 root - INFO - preprocessing pickle file saved
[2024-01-13 14:20:49,614] 19 root - INFO - Model Training stage started
[2024-01-13 14:20:49,614] 21 root - INFO - Splitting data into x_train, x_test, y_train, y_test for Model Training 
[2024-01-13 14:20:49,614] 29 root - INFO - Splitting data into x_train, x_test, y_train, y_test for Model Training is completed
[2024-01-13 14:20:49,614] 46 root - INFO - Hyper-parameter tuning stage is started 

[2024-01-13 14:20:49,614] 56 root - INFO - 
 -- Defining hyperparameter search space for LogisticRegression is completed
[2024-01-13 14:22:16,411] 63 root - INFO - Cross Validation for LogisticRegression is completed
[2024-01-13 14:22:16,511] 70 root - INFO - LogisticRegression : Training Accuracy: 99.92%, Testing Accuracy: 99.92%
[2024-01-13 14:22:16,511] 81 root - INFO - All steps of Training and Validation completed for LogisticRegression. Now moving to next Classifier
[2024-01-13 14:22:16,511] 56 root - INFO - 
 -- Defining hyperparameter search space for DecisionTreeClassifier is completed
[2024-01-13 14:23:15,699] 63 root - INFO - Cross Validation for DecisionTreeClassifier is completed
[2024-01-13 14:23:15,747] 70 root - INFO - DecisionTreeClassifier : Training Accuracy: 99.94%, Testing Accuracy: 99.94%
[2024-01-13 14:23:15,747] 81 root - INFO - All steps of Training and Validation completed for DecisionTreeClassifier. Now moving to next Classifier
[2024-01-13 14:23:15,747] 83 root - INFO - Model Training stage is completed
