[2024-01-10 23:39:31,403] 27 root - INFO - data ingestion started
[2024-01-10 23:39:32,918] 31 root - INFO - I have read dataset as dataframe
[2024-01-10 23:39:44,529] 36 root - INFO -  i have saved the raw dataset in artifact folder
[2024-01-10 23:39:44,618] 41 root - INFO - Train-Test split completed
[2024-01-10 23:39:55,725] 46 root - INFO - Raw data has been splitted into train and test data
[2024-01-10 23:39:55,725] 47 root - INFO - Now data ingestion part is completed
[2024-01-10 23:39:55,744] 72 root - INFO -  initiate_data_transformation stage initiated 
[2024-01-10 23:39:57,283] 77 root - INFO - Train Dataframe Head : 
       Time        V1        V2        V3        V4        V5        V6        V7        V8        V9       V10       V11       V12       V13       V14       V15       V16       V17       V18       V19       V20       V21       V22       V23       V24       V25       V26       V27       V28  Amount  Class
0   66671.0  1.236002  0.281639  0.185435  0.502245 -0.169625 -0.564584 -0.034884 -0.025759 -0.178095 -0.108257  1.308927  0.721793  0.022985 -0.075581  0.436812  0.778972 -0.365326  0.324913  0.215984 -0.069904 -0.259395 -0.792415  0.078263 -0.041733  0.223783  0.097881 -0.028507  0.016972    1.98      0
1  128651.0 -0.780509 -0.930170  0.971216 -0.950624 -1.939699  1.140050  0.871195 -0.318728  0.287746  0.489312 -1.535662 -1.847504 -1.650902 -1.002482 -0.338537  0.579183  0.670405 -1.056681  2.047736 -0.319479 -0.160666  0.256581  0.326488  0.658700 -0.815324 -0.319318 -0.084041 -0.038804  329.00      0
[2024-01-10 23:39:57,284] 78 root - INFO - Test Dataframe Head : 
       Time        V1        V2        V3        V4        V5        V6       V7        V8        V9       V10       V11       V12       V13       V14       V15       V16       V17       V18       V19       V20       V21       V22       V23       V24       V25       V26       V27       V28  Amount  Class
0  147780.0 -0.660904  1.062245  1.079651 -0.524990  0.307956 -0.486136  0.45157 -0.000275  0.121159 -1.063407 -0.198417  0.426918  1.265480 -1.892767  0.177542  0.573897  0.414574  0.562921 -0.766188  0.152106  0.242430  0.940336 -0.279438  1.140926 -0.119872  0.577199  0.245187  0.234692    9.43      0
1   80134.0 -0.869683  1.417543  0.824972  0.669685  0.963212  1.206220 -0.76670 -2.418457 -1.365456 -0.579690  0.570259  1.084318  1.043733  0.667299  0.767603 -0.056283 -0.340110  0.435083  0.959701  0.752464 -1.176925  0.697869 -0.496967 -1.104944  0.513643 -0.084238  0.021996  0.003802    3.02      0
[2024-01-10 23:39:57,284] 83 root - INFO - Column names in the dataframe: Index(['Time', 'V1', 'V2', 'V3', 'V4', 'V5', 'V6', 'V7', 'V8', 'V9', 'V10',
       'V11', 'V12', 'V13', 'V14', 'V15', 'V16', 'V17', 'V18', 'V19', 'V20',
       'V21', 'V22', 'V23', 'V24', 'V25', 'V26', 'V27', 'V28', 'Amount',
       'Class'],
      dtype='object')
[2024-01-10 23:39:57,284] 84 root - INFO - Columns specified in numerical_cols: ['V1', 'V2', 'V3', 'V4', 'V5', 'V6', 'V7', 'V8', 'V9', 'V10', 'V11', 'V12', 'V13', 'V14', 'V15', 'V16', 'V17', 'V18', 'V19', 'V20', 'V21', 'V22', 'V23', 'V24', 'V25', 'V26', 'V27', 'V28']
[2024-01-10 23:39:57,284] 42 root - INFO - get_data_transformation stage started
[2024-01-10 23:39:57,284] 45 root - INFO - Pipeline initiated
[2024-01-10 23:39:57,313] 100 root - INFO - Applying preprocessing object on training and testing datasets.
[2024-01-10 23:39:57,843] 106 root - INFO - Taking array of dataframe for better learning (fast processing)
[2024-01-10 23:39:57,863] 118 root - INFO - preprocessing pickle file saved
[2024-01-10 23:39:57,878] 23 root - INFO - Model Training stage started
[2024-01-10 23:39:57,878] 25 root - INFO - Splitting data into x_train, x_test, y_train, y_test for Model Training 
[2024-01-10 23:39:57,878] 33 root - INFO - Splitting data into x_train, x_test, y_train, y_test for Model Training is completed
[2024-01-10 23:39:57,878] 47 root - INFO - Hyper-paramter tunning stage is started
[2024-01-10 23:39:57,878] 92 root - INFO -  Defining hyperparameter search space based on classifier
