[2023-12-27 21:51:37,661] 27 root - INFO - data ingestion started
[2023-12-27 21:51:38,632] 31 root - INFO - I have read dataset as dataframe
[2023-12-27 21:51:45,042] 36 root - INFO -  i have saved the raw dataset in artifact folder
[2023-12-27 21:51:45,105] 41 root - INFO - train test split completed
[2023-12-27 21:51:51,073] 46 root - INFO - data ingestion part completed
[2023-12-27 21:51:53,158] 58 root - INFO - read train and test data 
[2023-12-27 21:51:53,190] 59 root - INFO - Train Dataframe Head : 
       Time        V1        V2        V3        V4        V5        V6        V7        V8        V9       V10       V11       V12       V13       V14       V15       V16       V17       V18       V19       V20       V21       V22       V23       V24       V25       V26       V27       V28  Amount  Class
0  165144.0 -1.559165  0.068593 -1.657605 -0.566925  0.721869 -0.272488  0.148376  0.786118 -0.176043 -0.423649 -0.811105  0.674211  0.106730  0.810857 -1.226769  0.622977 -0.721335  0.183985  0.687015 -0.347694 -0.161555 -0.505002  0.343925 -1.432833 -0.458204  0.219606 -0.116976 -0.274037   24.76      0
1  133308.0 -0.132073  0.881823  0.205483 -0.620493  0.581747 -1.060062  1.018499 -0.269419 -0.058153 -0.314207 -0.939604  0.434791  0.691263 -0.063231 -0.451064 -0.090501 -0.508085 -0.785107 -0.022003 -0.020288 -0.250949 -0.538841  0.123531 -0.101731 -0.440621  0.135562  0.124981  0.087864    1.29      0
2  149617.0  2.030531 -0.088210 -1.075212  0.429916 -0.147793 -1.208872  0.218925 -0.350292  0.511044  0.060318 -0.701412  0.540470  0.250099  0.242857  0.021127 -0.114328 -0.294904 -0.891891  0.136346 -0.179883 -0.276744 -0.690868  0.324826  0.052199 -0.299270  0.193036 -0.072574 -0.056630   17.99      0
3   63823.0  1.550782 -0.958594 -0.320514 -1.499371 -0.915329 -0.749313 -0.602429 -0.306725 -1.994699  1.464098 -1.238312 -1.236978  0.459440 -0.158610  0.437018 -0.391846  0.318654  0.094095  0.153521 -0.263314 -0.245379 -0.369069 -0.155202 -0.468800  0.658735 -0.095378  0.002363  0.008117   40.94      0
4  150328.0 -3.305556 -3.353230 -0.078133  0.436386  2.717158 -2.582810  0.129644 -0.170315  0.354760 -0.109649 -1.065758 -0.046909 -0.082992  0.039430 -0.092706  0.122427 -0.558012 -0.537084  0.311316 -0.621411 -0.530384 -0.300247  3.402042 -0.191616  0.354629  0.281587  0.617375 -0.298737   10.99      0
[2023-12-27 21:51:53,197] 60 root - INFO - Test Dataframe Head : 
      Time        V1        V2        V3        V4        V5        V6        V7        V8        V9       V10       V11       V12       V13       V14       V15       V16       V17       V18       V19       V20       V21       V22       V23       V24       V25       V26       V27       V28  Amount  Class
0  76705.0 -1.494935 -0.493538  1.438338 -0.503149 -0.618628  0.724945  1.714003  0.154296 -0.743973 -1.069240  1.136200  0.714951  0.410434  0.149959  0.080848  0.758822 -0.927092  0.073257 -0.939577  0.814803  0.220028 -0.205638  0.831827 -0.350268 -0.000253  0.006922 -0.091478  0.116002  402.50      0
1  37818.0 -0.034932 -0.054545 -0.829170 -2.852793  2.205944  2.949137 -0.216910  0.704746 -1.265647  0.343298 -0.357164 -0.993853  0.026066 -0.081860  0.008063  1.469382 -0.558480 -0.850414  0.229167  0.074317  0.361862  0.764849 -0.034474  1.023833 -0.714841 -0.470859  0.074666  0.228412   11.95      0
2  11335.0 -6.659123  3.554663 -2.223744 -3.004861  1.274665  4.330470 -1.724019 -5.334782  4.964949  4.580369  1.188140 -2.428534  1.324038  0.099057  0.368170  0.612544 -0.600571  0.399455 -1.287397  1.656027  0.838062 -0.633526  0.193621  0.929358  0.682658  0.834819  0.018887 -0.259340   50.00      0
3  11072.0  1.202916 -0.139080  0.865253  0.220622 -0.881566 -0.536702 -0.623605  0.015338  1.663945 -0.315042  2.127414 -2.336357  0.470815  1.917178  0.015483  0.742438  0.113124  0.803313 -0.104456 -0.148680 -0.029213  0.079473 -0.012923  0.325179  0.135532  1.017519 -0.101374 -0.006927   15.95      0
4  82608.0 -2.922249  1.097047  2.275713  1.017923 -2.167295  1.037599 -0.561170  1.027513  0.856459 -0.227937 -1.853813  0.864099  0.708614 -1.341408 -2.593909  0.654869  0.095551 -0.353546 -1.063713 -0.458058  0.046456  0.535309 -0.565220  0.528716  0.394239  1.020881 -0.340038 -0.031026  158.47      0
[2023-12-27 21:51:53,197] 31 root - INFO - Data Transformation initiated
[2023-12-27 21:51:53,197] 46 root - INFO - Exception occured in the perform_data_transformation function
[2023-12-27 21:51:53,197] 77 root - INFO - Exception occured in the initiate_datatransformation stage
