[2023-12-27 22:12:00,359] 27 root - INFO - data ingestion started
[2023-12-27 22:12:01,430] 31 root - INFO - I have read dataset as dataframe
[2023-12-27 22:12:07,610] 36 root - INFO -  i have saved the raw dataset in artifact folder
[2023-12-27 22:12:07,673] 41 root - INFO - train test split completed
[2023-12-27 22:12:13,912] 46 root - INFO - data ingestion part completed
[2023-12-27 22:12:15,981] 53 root - INFO - read train and test data 
[2023-12-27 22:12:15,981] 54 root - INFO - Train Dataframe Head : 
       Time        V1        V2        V3        V4        V5        V6        V7        V8        V9       V10       V11       V12       V13       V14       V15       V16       V17       V18       V19       V20       V21       V22       V23       V24       V25       V26       V27       V28   Amount  Class
0   48131.0  0.817495 -1.547456  0.481926 -0.653222 -1.265180  0.456649 -0.884552  0.313354 -0.641144  0.630801  1.647875 -0.427686 -1.088357  0.218959  0.968592  1.050687  0.511240 -1.242336 -0.179328  0.412185  0.532092  0.933641 -0.219417 -0.275384  0.145632 -0.082832  0.003955  0.042257   239.00      0
1  136189.0 -2.211354  2.090075 -2.420313 -0.666107 -0.039041 -0.499375 -0.561999  1.679637 -0.434643 -0.715936  0.055886  1.197962  0.570623  0.125537 -1.003680  1.135184  0.527978  0.521224  0.226213 -0.332978 -0.250348 -0.864036  0.427238 -0.009497 -0.140589  0.134713 -0.241621 -0.128063    15.98      0
2   50170.0 -1.123386 -3.714546 -1.130166  1.647322 -1.595505 -0.627075  1.809276 -0.581791 -0.142721 -0.604681 -0.299679  0.263939  0.354738  0.597865  1.082911  0.292128 -0.323622 -0.085685 -0.595577  2.423336  0.751071 -0.614360 -1.159144  0.484825  0.076043  0.265392 -0.275332  0.225451  1244.42      0
3   17105.0 -0.412828  0.862000  1.084712  0.076200  0.068272 -0.126931  0.960015 -0.265886  0.904868 -0.804024 -0.222026 -2.862716  1.930790  1.483310  0.167128  0.408258  0.008394  0.359519  0.045297 -0.065441 -0.207424 -0.391453 -0.156061 -0.483682  0.039083  0.248952 -0.117924 -0.025408   109.71      0
4   48719.0 -0.788426  0.524380  1.962615  0.346389  0.191173 -0.692893  0.400493 -0.206058 -0.427100  0.306615  1.529774  0.340932 -0.545491  0.220374  0.611158  0.045123 -0.422531  0.174989  0.973812  0.022547 -0.177055 -0.494398  0.023662  0.511795 -0.679385 -0.006415 -0.346383 -0.021654     2.17      0
[2023-12-27 22:12:15,997] 55 root - INFO - Test Dataframe Head : 
       Time        V1        V2        V3        V4        V5        V6        V7        V8        V9       V10       V11       V12       V13       V14       V15       V16       V17       V18       V19       V20       V21       V22       V23       V24       V25       V26       V27       V28  Amount  Class
0   21056.0 -0.704606  0.742587  1.743511  1.459442  0.296886  0.290229  0.601492 -0.059670  1.083446  0.037092  2.151007 -2.185748  0.419546  1.597045 -1.076226 -1.145572  1.120518  0.110161  0.759320  0.071740 -0.179484  0.195147  0.017519  0.147642 -0.197312 -0.322934  0.122997 -0.044309   38.95      0
1  169912.0 -1.973677  0.387819 -0.561462 -0.534170  0.662619 -1.940255  0.386286  0.112152  0.000196 -0.921102  1.187132 -0.165081 -2.009916 -0.172208 -0.345742  0.687686  0.354604  1.139682 -1.003167 -0.788727  0.372312  0.897426 -0.726416  0.479274 -0.385087 -0.382489 -0.312997 -0.010840   23.47      0
2   81125.0 -0.797288  0.106411  1.881914  3.024216  0.483951  1.170516 -0.042325  0.352404 -0.791910  0.433385 -1.482570 -0.242075  0.635006 -0.374356  0.560809 -0.358006  0.216998  0.075672  0.853628  0.518784  0.274292  0.714525  0.091258 -0.732345 -0.229253  0.405974  0.153718  0.167382  113.49      0
3  159071.0  2.067827  0.172614 -1.656572  0.440329  0.379196 -0.936447  0.198540 -0.252172  0.462999 -0.382977 -0.448708  0.264694  0.204350 -0.869678  0.180341  0.278957  0.501907 -0.360695  0.012974 -0.149112 -0.356015 -0.912752  0.350621  0.642976 -0.266520  0.164733 -0.061534 -0.029063    1.79      0
4   86047.0 -0.542552  1.151385  1.233373 -0.208322  0.428567 -0.443789  0.861714 -0.168423 -0.423843  0.150644  1.457666  0.885168  0.940602 -0.704482  0.171925  0.534383 -0.525188  0.314573  0.290346  0.393945 -0.306003 -0.564241 -0.096470 -0.026887 -0.089399  0.048441  0.193652 -0.071406   15.27      0
[2023-12-27 22:12:15,997] 31 root - INFO - Data Transformation initiated
[2023-12-27 22:12:15,997] 41 root - INFO - Exception occured in the get_data_transformation function
[2023-12-27 22:12:15,997] 103 root - INFO - Exception occured in the initiate_datatransformation stage
