[2023-12-27 23:03:32,336] 27 root - INFO - data ingestion started
[2023-12-27 23:03:33,742] 31 root - INFO - I have read dataset as dataframe
[2023-12-27 23:03:44,957] 36 root - INFO -  i have saved the raw dataset in artifact folder
[2023-12-27 23:03:45,052] 41 root - INFO - train test split completed
[2023-12-27 23:03:56,517] 46 root - INFO - data ingestion part completed
[2023-12-27 23:03:59,478] 62 root - INFO - read train and test data 
[2023-12-27 23:03:59,526] 63 root - INFO - Train Dataframe Head : 
      Time        V1        V2        V3        V4        V5        V6        V7        V8        V9       V10       V11       V12       V13       V14       V15       V16       V17       V18       V19       V20       V21       V22       V23       V24       V25       V26       V27       V28  Amount  Class
0  53547.0  1.471822 -1.174833  0.518256 -1.491933 -1.585359 -0.378355 -1.284078  0.017536 -1.813388  1.625508  0.766593 -0.684426 -0.109155 -0.134043  0.135343  0.059450  0.088220  0.969076 -0.008599 -0.324608  0.014093  0.383511 -0.108675  0.003349  0.440782 -0.027282  0.033578  0.009552   21.13      0
1  93548.0  1.751201 -0.469359 -1.253289  0.025487  1.320824  2.519191 -0.563122  0.582336  2.004679 -0.622332  1.947808 -0.854439  2.354118  1.685761 -0.109992 -0.916210  0.898948 -1.588079 -0.820881 -0.184517 -0.481057 -1.019948  0.448332 -1.816082 -0.661612 -0.748059  0.041152 -0.059574   65.94      0
2  68851.0 -0.805561 -0.168439  1.132315 -0.828971 -0.268991 -0.631639  0.319330 -0.037154 -1.792867  0.684574  0.829211 -1.598735 -2.222669  0.680527  0.476157  0.768820  0.562082 -0.714813  2.422181  0.201653 -0.059435 -0.542807 -0.096799 -0.065886  0.196175 -0.269843 -0.109182  0.110258   89.96      0
3  31986.0  0.631545 -1.045062 -0.080484  0.215409 -0.924304 -1.071420  0.497410 -0.329376  0.192472 -0.356060 -0.225856  0.161031 -0.049225  0.386347  1.111190  0.266170 -0.242529 -0.570694  0.057171  0.620897 -0.023512 -0.862126 -0.191389  0.453065  0.037752  0.810415 -0.153968  0.064137  349.00      0
4  48706.0 -1.115682  1.422395  0.998290  0.337844  0.783984 -0.798245  0.769225  0.142207 -0.290440 -1.179352 -0.117448 -1.441576 -2.109738 -1.475296  1.057245  0.699738  1.235535  0.658046 -1.600343 -0.123788 -0.021711 -0.066334 -0.427302 -0.140230  0.588055 -0.317688  0.191949  0.151191    1.00      0
[2023-12-27 23:03:59,527] 64 root - INFO - Test Dataframe Head : 
       Time        V1        V2        V3        V4        V5        V6        V7        V8        V9       V10       V11       V12       V13       V14       V15       V16       V17       V18       V19       V20       V21       V22       V23       V24       V25       V26       V27       V28  Amount  Class
0  161499.0  2.063558  0.030517 -2.162864  0.063972  0.485206 -1.729416  0.894328 -0.645735  0.154888 -0.007267 -0.693079  0.401110  0.286054  0.745352  0.347782 -0.614812 -0.323110 -0.537577  0.144040 -0.134035  0.167473  0.559115 -0.100621 -0.039064  0.455327  0.241922 -0.091611 -0.072349   44.81      0
1  137081.0  2.140497 -1.144138 -0.800925 -1.012231 -0.857646 -0.242609 -1.032525 -0.094707  0.171812  0.745554 -1.642602 -0.790885  0.657787 -0.559577  0.637963  1.677575 -0.406425 -0.628260  0.651973  0.119543  0.360545  0.999887 -0.037445 -0.958474 -0.075840 -0.009380  0.006858 -0.046261   60.00      0
2   36611.0  1.293448 -0.769003  1.082233 -0.681246 -1.605399 -0.534801 -1.133941  0.087737 -0.612065  0.783127  1.495161 -0.090291 -0.206147 -0.157139  0.443682  1.635530 -0.096630 -0.374246  0.433960  0.093505  0.449384  1.169009 -0.095681  0.568441  0.351541 -0.079161  0.029161  0.018951   24.00      0
3   83504.0 -1.815148 -0.234511  0.787607  1.893819  0.520123 -0.821059 -0.373047  0.411975 -0.307917 -0.090817 -0.262699  1.066294  0.867223  0.157802  0.184393 -1.122094  0.851097 -0.918826  0.533932 -0.037563 -0.003112  0.171049 -0.543233  0.495648 -0.119495 -0.257620  0.385723 -0.392987   38.35      0
4  152420.0 -0.551787  2.303152 -0.397253  3.653290  1.455197  0.033139  0.772580  0.496479 -2.541575 -0.219967  0.917980 -0.089380  0.288996 -2.092051 -1.125587  1.531322  1.572274  1.192185 -0.399912 -0.051041 -0.222902 -0.785010  0.008916 -0.687298 -0.717680 -0.238715  0.086337  0.175143    6.69      0
[2023-12-27 23:03:59,527] 32 root - INFO - Data Transformation initiated
[2023-12-27 23:04:01,042] 101 root - INFO - Exception occured in the initiate_datatransformation stage
