[2023-12-27 22:50:54,143] 27 root - INFO - data ingestion started
[2023-12-27 22:50:55,405] 31 root - INFO - I have read dataset as dataframe
[2023-12-27 22:51:04,027] 36 root - INFO -  i have saved the raw dataset in artifact folder
[2023-12-27 22:51:04,092] 41 root - INFO - train test split completed
[2023-12-27 22:51:12,379] 46 root - INFO - data ingestion part completed
[2023-12-27 22:51:14,873] 61 root - INFO - read train and test data 
[2023-12-27 22:51:14,888] 62 root - INFO - Train Dataframe Head : 
       Time        V1        V2        V3        V4        V5        V6        V7        V8        V9       V10       V11       V12       V13       V14       V15       V16       V17       V18       V19       V20       V21       V22       V23       V24       V25       V26       V27       V28  Amount  Class
0   48863.0 -1.035903  0.386398  1.137207 -0.278626  1.145723 -0.484172  0.412375 -0.465289  0.574054 -0.023114 -1.456923  0.654284  1.367525 -0.996810 -1.111439 -0.157056 -0.710408 -0.460184  0.006401 -0.399016 -0.067714  0.344972 -0.547190 -0.332067 -0.486358  0.144516 -0.362933 -0.130046    1.00      0
1  162714.0 -2.116081 -1.175286  1.098893 -0.107352 -0.015972 -0.566491  0.459800 -0.222130  0.997444 -0.488525 -1.083290 -0.312541 -0.463180 -0.370167  0.696361  0.002068 -0.376408  0.293201  0.444677 -1.180424 -0.080861  1.146302  1.020080  0.041948 -0.044657  0.229887  0.338732 -0.138364  116.62      0
2   77979.0 -0.704991  0.508229  2.723003  0.020110 -0.282036  0.524910  0.117904  0.246352  0.198807 -0.224000  1.348422  0.984320  0.044229 -0.551161 -0.448666 -0.228954 -0.152809 -0.132674  0.001974  0.200961 -0.009891  0.406079 -0.152100  0.273046 -0.214167  0.283045  0.187068 -0.061643   11.50      0
3  111984.0  1.948465 -0.275168 -1.805468  0.285121  0.387731 -0.590538  0.350862 -0.169488  0.214521  0.261869  0.739659  0.618749 -0.950975  0.764456 -0.968015 -0.369389 -0.234881 -0.310216  0.407319 -0.151192  0.039802  0.110947  0.075788  0.746656  0.104762  0.507789 -0.116725 -0.073111   54.99      0
4  166474.0  2.060661  0.268898 -2.428855  1.091172  1.034871 -0.889390  0.829923 -0.290689 -0.306107  0.600782  0.573801 -0.089537 -2.014549  1.432989 -0.772277 -0.627589 -0.328187  0.168364 -0.057825 -0.385265  0.336029  1.029862 -0.168760  0.708149  0.794712 -0.239569 -0.069936 -0.086118    1.00      0
[2023-12-27 22:51:14,897] 63 root - INFO - Test Dataframe Head : 
       Time        V1        V2        V3        V4        V5        V6        V7        V8        V9       V10       V11       V12       V13       V14       V15       V16       V17       V18       V19       V20       V21       V22       V23       V24       V25       V26       V27       V28  Amount  Class
0  134454.0  1.997387  0.028631 -1.885047  0.341234  0.350263 -0.900297  0.119352 -0.157746  0.474746 -0.296228  0.908518  0.221240 -0.809166 -0.388882  0.362863  0.496160  0.102897  1.136948 -0.065114 -0.201837  0.229023  0.729647 -0.082236 -0.550494  0.227840 -0.090372 -0.012176 -0.044384   21.90      0
1  109711.0 -0.280960  1.199735 -0.104443 -0.440533  0.387412 -0.808126  0.557057  0.187151  1.090013 -1.018265 -0.430732 -2.298769  1.826368  1.835471 -1.107654  0.057771  0.398273 -0.397404 -0.212676 -0.169790 -0.385741 -0.816220  0.105360 -0.487152 -0.445398  0.132066  0.096247  0.023877    8.99      0
2  155477.0 -0.556877 -0.976931  1.450469 -3.008480 -0.591758 -0.185551 -0.422395  0.152396 -2.087647  0.629693  0.152539 -0.573579  0.195213 -0.499867 -1.247545  0.190976 -0.220781  0.510029 -0.409223 -0.194254 -0.253697 -0.595243  0.163715 -0.554381 -0.404710 -0.563673  0.107562  0.137042   69.03      0
3  125131.0 -0.273828  0.995413  0.024963  0.157508  1.321221 -0.551517  1.361800 -0.111397 -0.769604 -0.321598  0.040546  0.041505 -1.292627  0.810351 -1.539033 -0.452186 -0.529744  0.220466  0.108383 -0.257557  0.172199  0.565787 -0.387530 -0.412315  0.149328 -0.550156  0.145620  0.149732    1.00      0
4  138764.0  1.899231 -0.541698 -0.229731  0.157301 -0.401826  0.615438 -0.903453  0.257018  1.175333 -0.063298  0.599402  1.524694  1.182481 -0.289026  0.201736  0.666291 -1.105530  0.727149  0.073668 -0.047794  0.119054  0.461255  0.209079  0.235786 -0.329937 -0.440631  0.053081 -0.027390   34.33      0
[2023-12-27 22:51:14,897] 31 root - INFO - Data Transformation initiated
[2023-12-27 22:51:16,198] 103 root - INFO - Exception occured in the initiate_datatransformation stage
