[2023-12-27 23:49:28,258] 27 root - INFO - data ingestion started
[2023-12-27 23:49:29,749] 31 root - INFO - I have read dataset as dataframe
[2023-12-27 23:49:38,238] 36 root - INFO -  i have saved the raw dataset in artifact folder
[2023-12-27 23:49:38,333] 41 root - INFO - train test split completed
[2023-12-27 23:49:46,597] 46 root - INFO - data ingestion part completed
[2023-12-27 23:49:49,197] 67 root - INFO - read train and test data 
[2023-12-27 23:49:49,231] 68 root - INFO - Train Dataframe Head : 
       Time        V1        V2        V3        V4        V5        V6        V7        V8        V9       V10       V11       V12       V13       V14       V15       V16       V17       V18       V19       V20       V21       V22       V23       V24       V25       V26       V27       V28  Amount  Class
0   56234.0 -1.328928  1.221430  0.976296 -1.668600  0.198503 -0.258185  0.585409  0.196333  0.281550  0.377050  1.124374  0.284322 -0.681229  0.105419  0.081028  0.378771 -0.739678 -0.253970 -0.645020  0.243840 -0.106302  0.021969 -0.109026 -0.278335 -0.299486  0.739446 -0.116238 -0.231499    0.92      0
1   73156.0  1.233911  0.325569  0.431867  0.774874 -0.578369 -1.272804  0.056371 -0.193855  0.092129 -0.267027  0.133045  0.054794 -0.372169 -0.160420  1.129411  0.408818  0.144070 -0.339225 -0.317395 -0.126982 -0.272704 -0.813958  0.176558  0.656661  0.154494  0.076076 -0.026088  0.032879    1.29      0
2  146019.0  2.162573 -0.759346 -1.082444 -0.975211 -0.686982 -1.006660 -0.535218 -0.217402 -0.713208  1.024645  1.210130  0.118222  0.072485  0.186846 -0.243687  1.110639 -0.054147 -0.934884  0.613033 -0.038651  0.413775  1.175951  0.071427  0.060122  0.007336 -0.056533 -0.030747 -0.071006   10.67      0
3   35416.0 -0.390286  0.921816  1.198181  0.618216  0.920740 -0.380576  1.251033 -0.527766 -0.625446  0.684316  1.226331  0.718678  0.696444 -0.034558  0.188482 -0.381060 -0.756332  0.398008  0.911087  0.326463  0.004885  0.501939 -0.195152  0.034318 -0.189844 -0.419986 -0.045987 -0.219495   15.12      0
4  162116.0 -0.093884  0.972676 -0.788382 -0.244040  1.621549 -0.122020  1.756124 -0.978340  0.296176  0.560141 -1.249258  0.296425  1.170911 -0.412042 -0.139779 -1.358925 -0.375604 -0.404543  1.384421 -0.015408  0.097896  0.804353 -0.098606  0.099093 -0.885443 -0.376246 -0.693471 -0.157105   29.99      0
[2023-12-27 23:49:49,231] 69 root - INFO - Test Dataframe Head : 
       Time        V1        V2        V3        V4        V5        V6        V7        V8        V9       V10       V11       V12       V13       V14       V15       V16       V17       V18       V19       V20       V21       V22       V23       V24       V25       V26       V27       V28  Amount  Class
0   43236.0 -0.388203  0.839667  1.205337  1.326448  0.063101  0.272703  0.474913  0.078523 -0.419391  0.181874  1.300687  1.044496 -0.074872  0.128164 -0.527932 -1.047879  0.393201 -0.306993  0.892947 -0.127593  0.090302  0.460811 -0.090714  0.258983 -0.383892 -0.331115 -0.077943  0.046322   36.59      0
1  135780.0 -0.682753 -0.026220  1.333773  1.413573  0.473602 -0.213586  0.421110  0.075343  0.154578 -0.500853 -1.328273  0.540628  0.183808 -0.306371 -0.988854 -0.968278  0.316909 -0.666392  1.132582  0.279319 -0.302381 -0.885640  0.452897 -0.084756 -0.757640 -1.009174  0.221176  0.232077   89.97      0
2  131000.0 -0.860653  0.856452  0.942480 -0.551812  0.749179 -0.035312  0.936558 -0.150325 -0.406767 -0.582676  0.459961  1.134102  0.862372 -0.056807 -0.982855 -0.944488 -0.100970  0.222506  1.528860  0.054849  0.222856  0.839861 -0.715682 -0.341691  1.021077  0.527336 -0.248518  0.063218   20.00      0
3    1120.0  1.380183 -1.162585  0.549074 -1.559286 -1.303020  0.088948 -1.196364  0.099554 -2.046936  1.512822  1.269629  0.043931  0.903047 -0.250905  0.288657 -0.204054  0.310743  0.025208 -0.197028 -0.244304 -0.287749 -0.526798  0.124105 -0.340929  0.075154 -0.382450  0.052137  0.019236   44.00      0
4   31058.0 -0.622990  1.079376  1.115796 -0.017860 -0.002350 -0.594862  0.456097  0.201934  0.127967 -0.179086 -0.347072 -1.154049 -2.099869 -0.033750  1.403735  0.173889  0.401971 -0.333275 -0.461497  0.062608 -0.293820 -0.778926  0.044233 -0.045982 -0.257087  0.114153  0.357682  0.149092    2.69      0
[2023-12-27 23:49:49,231] 33 root - INFO - Data Transformation initiated
[2023-12-27 23:49:57,430] 105 root - INFO - Exception occured in the initiate_datatransformation stage
