[2023-12-27 23:13:16,809] 27 root - INFO - data ingestion started
[2023-12-27 23:13:18,090] 31 root - INFO - I have read dataset as dataframe
[2023-12-27 23:13:26,590] 36 root - INFO -  i have saved the raw dataset in artifact folder
[2023-12-27 23:13:26,667] 41 root - INFO - train test split completed
[2023-12-27 23:13:35,146] 46 root - INFO - data ingestion part completed
[2023-12-27 23:13:37,705] 63 root - INFO - read train and test data 
[2023-12-27 23:13:37,718] 64 root - INFO - Train Dataframe Head : 
       Time        V1        V2        V3        V4        V5        V6        V7        V8        V9       V10       V11       V12       V13       V14       V15       V16       V17       V18       V19       V20       V21       V22       V23       V24       V25       V26       V27       V28  Amount  Class
0  144933.0  0.055745  0.862630 -0.426266  0.386342  0.719051 -0.714721  0.645202 -0.115194 -0.172174 -0.690034  1.092749  0.575666 -0.080688 -1.548521 -1.036658 -0.254129  1.318912  0.832260  0.984089 -0.014309  0.240164  0.951788 -0.030446 -0.032102 -1.267251  0.557000  0.131824  0.319678    6.99      0
1  125613.0 -1.065838  0.903341  2.217500 -0.282353 -0.922487  0.186707 -0.594496  0.810488  0.558529 -1.022652 -0.812965 -0.206054 -0.536518  0.113770  1.779108  0.191562 -0.154437  0.918490  0.145461  0.037765  0.286119  0.856318 -0.286116  1.070103  0.395024 -0.368113  0.259750  0.095906    3.36      0
2  128542.0  2.035497  0.343118 -2.533774  0.491741  0.809522 -1.648598  0.862469 -0.539526 -0.180011 -0.322630  0.126589  0.124609  0.056813 -0.549964  0.388555 -0.151466  0.868128 -0.302214 -0.435188 -0.102406  0.103846  0.338852  0.023229  1.057214  0.281531  0.627200 -0.111146 -0.039459   35.00      0
3   57917.0  1.406278 -1.472691  0.565497 -1.506712 -1.597408  0.207106 -1.547710  0.202442 -1.166745  1.393274 -1.339621 -2.056505 -1.117086 -0.209833  1.470097  0.039567  0.403430  0.351709 -0.483398 -0.342649 -0.179746 -0.285056  0.000801 -0.845704  0.124321 -0.152322  0.056657  0.025998   60.00      0
4   34738.0  1.337408 -0.768385 -0.272200 -0.810664 -0.460589  0.056345 -0.564712  0.136627 -0.686763  0.752412  0.485633 -0.962003 -1.891785  0.370852 -0.416880  0.722203  0.509365 -1.152513  1.009936 -0.023889  0.177707  0.419591 -0.231314 -0.655165  0.703688 -0.006862 -0.014876 -0.016286   36.00      0
[2023-12-27 23:13:37,738] 65 root - INFO - Test Dataframe Head : 
       Time        V1        V2        V3        V4        V5        V6        V7        V8        V9       V10       V11       V12       V13       V14       V15       V16       V17       V18       V19       V20       V21       V22       V23       V24       V25       V26       V27       V28  Amount  Class
0   42125.0 -0.560224  0.867220  1.805506  0.439807  0.185886 -0.102419  0.738651 -0.081385 -0.524958 -0.630380 -0.977510  0.553013  1.245176 -0.392312 -0.077219 -0.574096  0.086156 -0.429854  1.286010  0.223098 -0.175373 -0.343294 -0.280159 -0.045975  0.399565  0.428836  0.033619  0.067141   28.99      0
1  157651.0 -0.131055  0.892624 -0.482924 -0.186361  0.803878 -1.231911  0.751297 -0.231256 -0.138539 -0.574689  1.201228  0.147985 -0.692711 -0.666342  0.072331  0.241510  0.320812  1.252795  0.095295 -0.242765  0.366923  1.090996 -0.259874 -0.000605 -0.486226 -0.203214 -0.090380  0.105681    7.37      0
2   84111.0  0.610442 -0.928145  1.078510  1.832545 -1.011734  0.871259 -0.390315  0.397585  1.043602 -0.329760  0.673753  1.427287 -0.949783 -0.366016 -2.326317 -0.953158  0.638145 -0.807375  0.323454  0.191012 -0.228277 -0.731262 -0.083352  0.226128  0.270063 -0.560488  0.043567  0.056454  223.73      0
3  143067.0 -0.961245  3.248794 -1.897088  4.925891  0.039511 -0.433718 -0.366701  1.232044 -1.893354  0.778195 -0.718712 -0.571822  0.258166 -1.753787  0.533582  1.002294  2.758943  0.939493  0.744990  0.208732 -0.333665 -1.045907  0.340090 -0.418450 -0.536309  0.059229  0.009529  0.012403    3.07      0
4   40196.0  1.169309 -0.486287  1.542422  0.857215 -1.458422  0.059975 -0.968412  0.131672 -0.402234  0.589431 -0.180923  0.905001  1.119734 -0.634676  0.100474 -1.874755  0.414195  0.539849 -1.593861 -0.522068 -0.349025 -0.270547  0.159741  0.584444  0.182281 -0.398055  0.119173  0.047967   15.00      0
[2023-12-27 23:13:37,738] 32 root - INFO - Data Transformation initiated
[2023-12-27 23:13:39,360] 85 root - INFO - Applying preprocessing object on training and testing datasets.
[2023-12-27 23:13:39,400] 95 root - INFO - preprocessing pickle file saved
