[2023-12-27 22:55:46,013] 27 root - INFO - data ingestion started
[2023-12-27 22:55:47,504] 31 root - INFO - I have read dataset as dataframe
[2023-12-27 22:55:55,784] 36 root - INFO -  i have saved the raw dataset in artifact folder
[2023-12-27 22:55:55,851] 41 root - INFO - train test split completed
[2023-12-27 22:56:04,177] 46 root - INFO - data ingestion part completed
[2023-12-27 22:56:06,770] 62 root - INFO - read train and test data 
[2023-12-27 22:56:06,785] 63 root - INFO - Train Dataframe Head : 
       Time        V1        V2        V3        V4        V5        V6        V7        V8        V9       V10       V11       V12       V13       V14       V15       V16       V17       V18       V19       V20       V21       V22       V23       V24       V25       V26       V27       V28  Amount  Class
0   79104.0 -6.425186  5.238589 -5.335411  0.864978 -3.285468 -1.420981 -3.238433  4.766480 -0.995474  0.059381 -2.791058  1.889824  1.341557  3.526594  0.390478  0.965407  1.452344  0.414016  0.520562 -0.591240  0.379892  0.252197  0.646421 -0.454878 -0.023865 -0.347412 -0.626610 -0.299185    1.18      0
1   73579.0 -1.503709  0.155362  1.624058 -2.620443 -1.030083 -0.421698  0.474856  0.099935  1.445666 -1.894649 -1.125695  0.260419 -0.010671 -0.391124  0.658602  0.080573 -0.557782  0.413593  0.057379 -0.250252  0.110165  0.511086 -0.555795 -0.035869  0.558204 -0.038396 -0.389630 -0.319906  128.00      0
2  124834.0  1.960194 -0.851160 -0.310723  0.549183 -0.827926  0.434311 -1.067992  0.211768 -0.231247  1.117890  0.396145  0.662860  0.167759 -0.091832 -0.524365 -1.134946 -0.542205  2.059112 -1.166503 -0.579298 -0.056024  0.416663  0.176346  0.661323 -0.139676 -0.536870  0.075646 -0.026204   36.00      0
3  128415.0  1.933628 -1.548012 -0.785144 -1.024599 -1.079312  0.184628 -1.260814  0.240918  0.176480  0.933131  0.301101 -1.067037 -1.695663  0.115138  0.228670  1.763153 -0.261425 -0.118147  0.630884  0.118294  0.467073  0.988209  0.045799  0.278441 -0.285516 -0.095583 -0.023708 -0.037401  121.00      0
4   86308.0 -2.085957  2.132527  0.394236 -0.793308  0.560582  0.250669  0.898546 -0.087808  1.373166  2.614926  1.242720 -0.057977 -0.456086 -1.251795  0.785575  0.170295 -0.593239  0.059750 -0.027005  1.179889 -0.688234 -0.691653 -0.155321 -0.941042  0.082100  0.005104 -0.252739 -0.930140    8.92      0
[2023-12-27 22:56:06,785] 64 root - INFO - Test Dataframe Head : 
       Time        V1        V2        V3        V4        V5        V6        V7        V8        V9       V10       V11       V12       V13       V14       V15       V16       V17       V18       V19       V20       V21       V22       V23       V24       V25       V26       V27       V28  Amount  Class
0   35961.0  1.173512 -0.093394  0.452798  0.273955 -0.411032 -0.113565 -0.253730  0.158577  0.278891 -0.086120  1.304357  0.766779 -0.879299  0.427634 -0.066273 -0.161721 -0.005982 -0.548896  0.169878 -0.174412 -0.177751 -0.433057  0.090442  0.041659  0.198008  0.460188 -0.035495 -0.004733    4.00      0
1   55068.0  1.243058  0.081721 -0.110445  0.135429 -0.125150 -0.742834  0.189511 -0.142925 -0.195637  0.062323  1.074708  0.627657 -0.298630  0.646431  0.211982  0.283737 -0.594848  0.109471  0.432096 -0.057654 -0.029235 -0.139014 -0.117271  0.041050  0.518975  0.603024 -0.079156 -0.009062   23.00      0
2  166089.0 -0.948743  0.623122  1.344991 -0.725701  0.995852 -0.855092  0.949837 -0.083609 -0.899145 -0.778440  0.907740  1.066146  0.434044  0.221819 -1.275562 -0.169733 -0.447775 -0.344689  0.444498  0.072135 -0.150653 -0.515766 -0.305302  0.113714  0.602461  0.370465 -0.061372  0.037380    4.86      0
3  145287.0  0.150372  1.179400 -1.013854  0.285176  2.031148 -0.295075  1.487620 -0.325135 -0.541320 -0.512712  0.661419  0.170388 -0.372911 -1.208200 -1.400098  0.040649  0.355436  0.757467 -0.191336 -0.111504  0.016764  0.270375 -0.340318  0.090257  0.256585 -0.626678 -0.270574 -0.195834    1.00      0
4   31941.0 -1.386468  0.605852  2.037309  0.851490 -0.456323  0.821073 -0.486924  0.966474 -0.275818 -0.439008  0.639258  0.570555 -0.326900  0.280113  0.456559  0.004172 -0.001285  0.733021  0.468068  0.236717  0.282937  0.745622 -0.226402 -0.308214  0.368395 -0.074890  0.245008  0.026209   52.05      0
[2023-12-27 22:56:06,785] 32 root - INFO - Data Transformation initiated
[2023-12-27 22:56:08,108] 104 root - INFO - Exception occured in the initiate_datatransformation stage
