[2023-12-27 23:08:30,347] 27 root - INFO - data ingestion started
[2023-12-27 23:08:31,659] 31 root - INFO - I have read dataset as dataframe
[2023-12-27 23:08:40,861] 36 root - INFO -  i have saved the raw dataset in artifact folder
[2023-12-27 23:08:40,942] 41 root - INFO - train test split completed
[2023-12-27 23:08:49,115] 46 root - INFO - data ingestion part completed
[2023-12-27 23:08:51,658] 63 root - INFO - read train and test data 
[2023-12-27 23:08:51,658] 64 root - INFO - Train Dataframe Head : 
       Time        V1        V2        V3        V4        V5        V6        V7        V8        V9       V10       V11       V12       V13       V14       V15       V16       V17       V18       V19       V20       V21       V22       V23       V24       V25       V26       V27       V28  Amount  Class
0   20517.0  1.261402  0.061489 -0.580137  0.275882  1.938775  3.682842 -0.913778  0.848581  1.413585 -0.276776  0.737457 -2.492360  1.750623  1.686293  0.656264  0.740146 -0.379746  0.908540 -0.455445 -0.045506 -0.080011 -0.082239 -0.096664  0.943822  0.651297 -0.313851  0.019106  0.018748    5.00      0
1   29032.0  1.246575  0.541383 -0.376313  1.986180  0.953256  0.613828  0.307876  0.018343 -1.109201  0.864493 -0.336772  0.181616  0.518693  0.454551 -0.310187  1.150883 -1.422056  0.582768  0.015816 -0.026021 -0.092542 -0.357754 -0.301811 -1.388807  0.811130  0.092513 -0.036144 -0.007198   26.95      0
2   54940.0  1.493537 -1.003276  0.254662 -1.391773 -1.342192 -0.796785 -0.842605 -0.276524 -1.924634  1.419042 -0.695261 -0.670286  1.231507 -0.452899  0.556504 -0.325343  0.329114  0.081070 -0.169357 -0.216884 -0.140400 -0.030391 -0.088061  0.046214  0.509390 -0.115216  0.027991  0.022347   41.50      0
3   46899.0  0.165417 -1.714840  0.342157  0.750111 -0.988790  0.679923 -0.033859  0.282564  0.219101 -0.223234  1.692210  0.660444 -0.719083  0.565335  1.232658  0.270911 -0.138172 -0.372052 -0.860548  0.791294  0.296938 -0.237186 -0.271013 -0.272036 -0.242776  0.314924 -0.080959  0.089928  488.10      0
4  136640.0  2.162079 -1.719495 -1.060581 -1.528232 -1.351549 -0.566880 -1.103926 -0.189621 -0.951130  1.542363 -1.751073 -1.358833 -0.122257 -0.380727  0.010140 -0.258326  0.263782  0.276042  0.049092 -0.284412 -0.158416 -0.151548  0.099990 -0.689088 -0.216641 -0.144184 -0.000791 -0.039563  103.54      0
[2023-12-27 23:08:51,682] 65 root - INFO - Test Dataframe Head : 
       Time        V1        V2        V3        V4        V5        V6        V7        V8        V9       V10       V11       V12       V13       V14       V15       V16       V17       V18       V19       V20       V21       V22       V23       V24       V25       V26       V27       V28  Amount  Class
0   48792.0 -0.808584  1.467701  2.283339  2.931405  0.398081  0.065429  1.090072 -0.411869 -1.046737  1.716394 -0.758723 -1.104447 -0.620961 -0.380054  0.197105  0.939932 -1.051542 -0.083926 -1.409132  0.035776 -0.109193 -0.082743 -0.019348  0.300380 -0.544029 -0.300205 -0.340785 -0.217474   28.97      0
1   74156.0  1.094526  0.182072  0.343886  1.022478 -0.160505 -0.282601  0.068027  0.039322 -0.280180  0.130960  1.689195  0.968815 -0.253953  0.655169  0.472105 -0.097737 -0.317049 -0.152325 -0.523637 -0.126658  0.134332  0.368059 -0.077863  0.234709  0.544245 -0.331112  0.021090  0.013035   29.90      0
2   40263.0 -0.264902 -0.108096  2.849575 -1.476932 -0.921512 -0.132244 -0.181712 -0.527103 -0.361035  1.312569  1.621090 -0.456435  0.111025 -1.223665  0.424157  1.420672 -0.557042 -0.124692  0.494997  0.307860  0.525327  1.797806 -0.250278  0.572522 -0.757488 -0.309893 -0.702473 -0.510066    0.02      0
3  153849.0  2.067915 -0.481765 -1.803378  0.666368  0.027406 -0.865232  0.249444 -0.388161 -0.737341  1.061257 -1.666332 -0.425713 -0.495989  0.488610 -0.568459 -2.090752  0.018384  0.900005 -0.844589 -0.628079 -0.314390 -0.351013 -0.008108 -0.470789  0.362238 -0.466182 -0.002921 -0.053659   60.60      0
4   81101.0 -0.658471 -0.301726  1.494406 -1.455273 -1.057397 -1.074486  0.626431 -0.162105 -1.239769 -0.061916 -0.686033 -0.867693 -0.709110  0.104901  0.332404 -1.107924 -0.172188  1.260634 -1.585914 -0.258503 -0.049015  0.000833  0.217467  0.720570 -0.291259  0.946418 -0.012958  0.129462  137.45      0
[2023-12-27 23:08:51,682] 32 root - INFO - Data Transformation initiated
[2023-12-27 23:08:53,311] 85 root - INFO - Applying preprocessing object on training and testing datasets.
[2023-12-27 23:08:53,326] 95 root - INFO - preprocessing pickle file saved
