[2023-12-27 23:18:29,418] 27 root - INFO - data ingestion started
[2023-12-27 23:18:30,752] 31 root - INFO - I have read dataset as dataframe
[2023-12-27 23:18:39,028] 36 root - INFO -  i have saved the raw dataset in artifact folder
[2023-12-27 23:18:39,090] 41 root - INFO - train test split completed
[2023-12-27 23:18:47,276] 46 root - INFO - data ingestion part completed
[2023-12-27 23:18:49,835] 63 root - INFO - read train and test data 
[2023-12-27 23:18:49,835] 64 root - INFO - Train Dataframe Head : 
       Time        V1        V2        V3        V4        V5        V6        V7        V8        V9       V10       V11       V12       V13       V14       V15       V16       V17       V18       V19       V20       V21       V22       V23       V24       V25       V26       V27       V28  Amount  Class
0   73103.0 -1.433902 -2.303658  1.685815 -0.930110  0.821235 -1.538517 -1.786167  0.147563 -2.423554  1.367767 -0.382181 -1.091685  0.413855 -0.190106  1.234723 -1.227224  1.211435 -0.113849  0.556386  0.349209  0.076481  0.063444  0.326510  0.059809 -0.259225 -0.076179  0.099213  0.165444   15.00      0
1  167478.0  2.119262 -1.053534 -0.561730 -0.951181 -1.000066 -0.271088 -1.094334  0.030396 -0.102333  0.899894  0.629498  0.118896  0.178190 -0.300581 -0.457186  1.382329 -0.175936 -0.638009  0.781801 -0.002678  0.363467  1.095681  0.082901 -0.357178 -0.154693 -0.082622  0.008027 -0.060573   19.95      0
2   32515.0 -1.025614 -0.165747  1.642341 -0.425043  1.399149 -0.717366  0.891017 -0.578832  0.223360  0.370479  1.385410  0.063446 -1.511410 -0.170839 -0.813128 -0.548195 -0.434134 -0.526362 -0.500184 -0.175409 -0.030834  0.442116 -0.348660  0.273409 -0.309662  0.243609 -0.682024 -0.442905    0.00      0
3   55243.0  1.382184 -1.371571  0.640790 -1.282966 -1.701442 -0.133371 -1.282282  0.117047 -1.437228  1.448550  0.427888 -0.581071 -0.733039 -0.318323 -1.045121 -0.379593  0.556712  0.293546  0.589995 -0.315995 -0.478142 -1.030787  0.104712 -0.059405  0.166419 -0.424537  0.035133  0.018478   52.50      0
4   72669.0 -0.489729  1.055425  1.690969 -0.009295  0.042975 -0.598682  0.692883  0.000532 -0.557552 -0.383408  0.267449  0.622848  0.855595  0.011521  0.977810 -0.231455 -0.047476 -1.017360 -0.473988  0.119163 -0.166541 -0.347235  0.043383  0.405387 -0.278765  0.077617  0.287081  0.123196    4.49      0
[2023-12-27 23:18:49,848] 65 root - INFO - Test Dataframe Head : 
       Time        V1        V2        V3        V4        V5        V6        V7        V8        V9       V10       V11       V12       V13       V14       V15       V16       V17       V18       V19       V20       V21       V22       V23       V24       V25       V26       V27       V28  Amount  Class
0  135318.0 -1.282418 -0.836376  1.255249 -2.027631  1.753725  1.463010  0.033860  0.427132 -1.140910 -0.198907  0.651177  0.282611 -0.060293 -0.049915 -0.095535 -2.185851 -0.014027  0.641517 -2.082420 -0.246645 -0.083078  0.194702 -0.221840 -0.849907  0.692545 -0.120036 -0.121751 -0.173223   55.63      0
1  157811.0  1.971916 -0.388731 -0.624007  0.170156 -0.277734 -0.191131 -0.400978 -0.054359  0.906613 -0.045867 -0.921401  0.700680  1.015437 -0.244039  0.494478  0.493074 -0.678565 -0.463830  0.075810 -0.029961 -0.258970 -0.716361  0.400668  0.484287 -0.572348  0.209081 -0.045735 -0.031929   41.97      0
2   37657.0  1.078351 -0.876943  0.387169 -0.605357 -1.154757 -0.798223 -0.337973 -0.195678 -1.234823  0.705386  1.806336  0.712559  1.109975 -0.112241 -0.088418  1.211366  0.023716 -1.051008  0.676863  0.433714  0.310159  0.508490 -0.171491  0.590580  0.422133 -0.256386 -0.019747  0.034878  154.87      0
3   57017.0 -0.311159  1.572018  0.297297  3.012539 -0.256207 -0.786471  0.731264  0.230860 -1.593670  0.879533 -0.596885 -0.555700 -0.657088  1.012339  0.762355 -0.343246  0.385082 -0.083227  0.623737  0.123828  0.223880  0.584348  0.277948  0.694747 -1.039861  0.081047  0.343117  0.253088   57.63      0
4   68141.0  1.261059 -0.049202  0.326949 -0.047800 -0.674423 -1.157081 -0.022582 -0.219001  0.308413 -0.188016 -0.284588  0.002761 -0.286595  0.318182  1.181696  0.276907 -0.280622 -0.445931  0.067407 -0.054671 -0.102716 -0.341504  0.033758  0.448613  0.220265  0.959331 -0.090083  0.006261   22.07      0
[2023-12-27 23:18:49,848] 32 root - INFO - Data Transformation initiated
[2023-12-27 23:18:51,479] 85 root - INFO - Applying preprocessing object on training and testing datasets.
[2023-12-27 23:18:51,517] 95 root - INFO - preprocessing pickle file saved
[2023-12-27 23:18:51,537] 98 root - INFO - Exception occured at Model Training stage
