[2023-12-27 21:43:46,761] 27 root - INFO - data ingestion started
[2023-12-27 21:43:47,745] 31 root - INFO - I have read dataset as dataframe
[2023-12-27 21:43:53,763] 36 root - INFO -  i have saved the raw dataset in artifact folder
[2023-12-27 21:43:53,829] 41 root - INFO - train test split completed
[2023-12-27 21:44:00,079] 46 root - INFO - data ingestion part completed
[2023-12-27 21:44:02,552] 57 root - INFO - read train and test data 
[2023-12-27 21:44:02,562] 58 root - INFO - Train Dataframe Head : 
       Time        V1        V2        V3        V4        V5        V6        V7        V8        V9       V10       V11       V12       V13       V14       V15       V16       V17       V18       V19       V20       V21       V22       V23       V24       V25       V26       V27       V28  Amount  Class
0  128310.0 -0.606554  1.350436 -0.954074 -0.541401  0.823225 -0.893722  0.862615  0.237589 -0.351490 -1.037497 -0.855609 -0.220817 -0.284500 -0.646027 -0.253824  0.243763  0.746553 -0.138921 -0.248109 -0.110811 -0.162679 -0.493528 -0.067581  0.518725 -0.112162  0.303425  0.010778  0.022831   23.93      0
1  147353.0 -1.980897  0.716948  0.165522 -0.814705  1.324015 -1.206416  0.549912  0.309875 -0.521105 -1.413014 -0.775646  0.033225  0.114149 -0.727511 -0.368313  0.588387  0.459664 -0.256667 -0.553332 -0.080563 -0.361386 -1.207643 -0.565201  0.674165  0.600108  0.205676  0.095856 -0.180394   10.99      0
2   34055.0  1.176743 -0.927708  0.924794 -0.750236 -1.306118  0.092263 -1.116852  0.196491 -0.695197  0.700703  1.630379  0.236587  0.399940 -0.246741  0.653627  1.382857  0.074083 -0.816728  0.135342  0.199837  0.497794  1.267498 -0.138597  0.081741  0.309516 -0.044090  0.040397  0.022816   69.95      0
3   39367.0 -0.248846  0.891112  0.848387 -0.329772  1.142952  0.265096  0.752808 -0.066549 -0.175840 -0.337598 -1.121426 -0.441927  0.501836 -0.726172  1.261389  0.404329 -0.334371 -0.178860  0.081934  0.229525 -0.371574 -0.796447 -0.186803 -1.374532 -0.063789  0.159420  0.095393 -0.140352    1.98      0
4  170319.0  1.956510 -0.580937 -0.429154  0.260972 -0.678921 -0.049472 -0.822775  0.223341  1.608561 -0.058082  0.128672  0.245443 -1.576167  0.336693  0.106685  0.281112 -0.738767  1.019902  0.194920 -0.330525  0.216865  0.803304  0.068579 -0.498552 -0.066490 -0.514788  0.055547 -0.051392    5.35      0
[2023-12-27 21:44:02,569] 59 root - INFO - Test Dataframe Head : 
       Time        V1        V2        V3        V4        V5        V6        V7        V8        V9       V10       V11       V12       V13       V14       V15       V16       V17       V18       V19       V20       V21       V22       V23       V24       V25       V26       V27       V28  Amount  Class
0   53203.0  1.121428 -0.806463  1.643699  0.632310 -1.595935  0.658666 -1.371454  0.525430  2.195800 -0.551896 -1.440633 -0.205183 -2.162815 -0.757850 -1.018182 -0.641454  0.874346 -0.747389  0.261144 -0.274529 -0.121565  0.103539  0.026190  0.137128  0.127814  1.163857  0.011097  0.008673    1.00      0
1   43166.0  1.137426 -0.241616  0.154632  0.603972 -0.064531  0.409423 -0.167498  0.118697  0.660625 -0.265121 -1.408410 -0.003193 -0.330798 -0.041536  0.246067 -0.155009 -0.061467 -0.775700  0.226582 -0.028424 -0.307390 -0.833168 -0.063349 -0.914838  0.361365  0.267822 -0.014256  0.012716   64.99      0
2  153737.0  0.144276  0.956441 -0.613415 -0.783125  1.209934 -0.212839  0.837679  0.087037 -0.227022 -0.655146  0.475204  0.242020 -0.266068 -0.797070 -0.869242  0.699036 -0.065310  0.490297  0.267185  0.026209 -0.329724 -0.845095  0.016089 -0.020012 -0.388920  0.129320  0.216487  0.067977    1.78      0
3  138750.0  1.912832 -0.284554 -0.705013  1.222615  0.175143  0.820669 -0.426632  0.289426  0.998829  0.148834 -0.210890  1.007508 -0.502315 -0.048233 -1.739582 -0.055408 -0.481724 -0.187539  0.683061 -0.233673 -0.511183 -1.282739  0.381247 -0.063301 -0.275338 -1.113971  0.043642 -0.038878   20.66      0
4  111098.0  2.085358  0.114220 -1.514433  0.115869  0.745053 -0.171915  0.046196 -0.264079  1.618931 -0.338739  1.583903 -1.024454  3.039695  1.806679 -0.637918  0.017905 -0.365825  0.917828  0.123217 -0.154531  0.140768  0.832311 -0.078247  0.089941  0.425191 -0.476896 -0.019112 -0.066832    1.00      0
[2023-12-27 21:44:02,569] 30 root - INFO - Data Transformation initiated
[2023-12-27 21:44:02,569] 45 root - INFO - Exception occured in the perform_data_transformation function
[2023-12-27 21:44:02,569] 76 root - INFO - Exception occured in the initiate_datatransformation stage
