[2023-12-27 23:53:23,415] 27 root - INFO - data ingestion started
[2023-12-27 23:53:24,953] 31 root - INFO - I have read dataset as dataframe
[2023-12-27 23:53:33,739] 36 root - INFO -  i have saved the raw dataset in artifact folder
[2023-12-27 23:53:33,818] 41 root - INFO - train test split completed
[2023-12-27 23:53:42,144] 46 root - INFO - data ingestion part completed
[2023-12-27 23:53:44,642] 67 root - INFO - read train and test data 
[2023-12-27 23:53:44,642] 68 root - INFO - Train Dataframe Head : 
       Time        V1        V2        V3        V4        V5        V6        V7        V8        V9       V10       V11       V12       V13       V14       V15       V16       V17       V18       V19       V20       V21       V22       V23       V24       V25       V26       V27       V28  Amount  Class
0  141346.0  1.936410 -2.001453 -1.464777 -1.470490 -0.571837  1.194043 -1.144995  0.310193 -1.068024  1.441453  0.458789 -0.026883 -0.509383 -0.294776 -1.679223 -2.122901  1.684935 -1.203004 -0.433709 -0.388439  0.073027  0.817343 -0.033619 -1.378826  0.003109  0.220281  0.031474 -0.074154  120.00      0
1   62481.0 -0.072919  0.297522 -0.920502 -1.314951  1.577161  3.314926 -0.730408  1.167986 -2.069304  0.589833 -0.382766 -0.499837  0.423322  0.668288  1.571115 -1.710932  0.329243  1.546708  1.424845 -0.196606 -0.373910 -0.842925 -0.014899  1.042011 -0.127419  1.240407 -0.140533 -0.072761   10.12      0
2   51808.0 -0.951361  0.499674  2.102088  1.383145 -0.993829  1.363190 -0.921326  1.090311  0.528804 -0.379410 -0.057044  0.015695 -1.959011  0.108908 -0.519615 -0.394445  0.511347  0.694503  1.067518 -0.223275  0.199713  0.673321 -0.078423 -0.315958 -0.436598 -0.168242 -0.007362  0.070872   31.20      0
3  126636.0  1.943296 -0.526380 -0.373007  0.350864 -0.344109  0.407066 -0.764966  0.092227  1.182173 -0.035890 -1.396881  0.662412  1.455047 -0.559091  0.702856  0.823640 -1.018396  0.205586 -0.111299  0.019735  0.007236  0.099785  0.207532  0.071233 -0.397430  0.169693  0.001653 -0.024231   52.16      0
4  134032.0 -0.284990  0.895671  1.411381  1.192593  0.269403  0.028038  0.560394 -0.034429  0.078958 -0.388965 -1.161588  0.992748  1.044357 -0.553155 -1.103835 -1.026102  0.255097 -0.834584  1.146876 -0.017638 -0.373008 -0.775012  0.135730 -0.048080 -0.798309 -1.022658  0.134736  0.232032    5.19      0
[2023-12-27 23:53:44,674] 69 root - INFO - Test Dataframe Head : 
       Time        V1        V2        V3        V4        V5        V6        V7        V8        V9       V10       V11       V12       V13       V14       V15       V16       V17       V18       V19       V20       V21       V22       V23       V24       V25       V26       V27       V28  Amount  Class
0  146788.0  1.580516 -0.502192 -1.848297  1.578925  0.205954 -1.064073  0.958740 -0.485335  0.160005  0.147240 -0.952668  0.384637 -0.126341  0.567347 -0.499970 -0.713314 -0.125201 -0.624787 -0.298410  0.176780  0.191626  0.259660 -0.207468  0.006854  0.376105 -0.514537 -0.057870 -0.021419  240.61      0
1   81009.0  1.202377  0.356732  0.032971  0.796283  0.288684 -0.196647  0.300677 -0.085424 -0.454703  0.103272  0.851784  1.225332  0.944577  0.435024  0.130428  0.510834 -0.997351 -0.037899  0.496160  0.002254 -0.449001 -1.388273  0.075826 -0.556715  0.357877 -0.824016  0.008551  0.017160   30.82      0
2  139205.0  2.152423 -0.986286 -1.359005 -1.039017 -0.398468 -0.093068 -0.618234 -0.064119 -0.326195  0.881271  0.132249  0.721738  0.390812 -0.063654 -1.332746 -1.564432 -0.144846  1.240683  0.040251 -0.506434 -0.298015 -0.194099  0.141235  0.429305 -0.141216  1.341081 -0.102344 -0.077994   20.73      0
3  137767.0 -0.518149  1.649964  0.222607  2.482678  1.863655  1.884037  0.987572  0.352341 -2.053637  1.391529  0.601468  0.358766  0.700620  0.361393 -0.492519  0.131611 -0.573660 -0.751133 -1.969369 -0.096789  0.447253  1.413090 -0.177908 -1.617975 -0.707391  0.174159  0.223386  0.246607   26.55      0
4  141902.0 -0.390369  0.409382 -0.460905 -0.033088  1.009893 -1.480543  1.313340 -0.595564  0.156357 -0.473636 -0.297773 -0.021876  0.595657 -1.222247  0.701052 -0.060272  0.271638  0.602942 -0.155846  0.057310  0.193804  1.135766  0.282412 -0.010405 -0.211631 -0.163413  0.180289 -0.086741   56.57      0
[2023-12-27 23:53:44,674] 33 root - INFO - Data Transformation initiated
[2023-12-27 23:53:53,293] 88 root - INFO - Applying preprocessing object on training and testing datasets.
[2023-12-27 23:53:53,329] 98 root - INFO - preprocessing pickle file saved
[2023-12-27 23:53:53,341] 40 root - INFO - Model training initiated
[2023-12-27 23:53:54,318] 45 root - INFO - Splitting Dependent and Independent variables from train and test data
[2023-12-27 23:53:54,333] 49 root - INFO - Split the data into training and testing sets
[2023-12-27 23:53:54,396] 52 root - INFO - Train multiple classifiers in model_training stage
