[2023-12-27 23:16:25,078] 27 root - INFO - data ingestion started
[2023-12-27 23:16:26,372] 31 root - INFO - I have read dataset as dataframe
[2023-12-27 23:16:35,084] 36 root - INFO -  i have saved the raw dataset in artifact folder
[2023-12-27 23:16:35,132] 41 root - INFO - train test split completed
[2023-12-27 23:16:43,414] 46 root - INFO - data ingestion part completed
[2023-12-27 23:16:45,954] 63 root - INFO - read train and test data 
[2023-12-27 23:16:45,954] 64 root - INFO - Train Dataframe Head : 
       Time        V1        V2        V3        V4        V5        V6        V7        V8        V9       V10       V11       V12       V13       V14       V15       V16       V17       V18       V19       V20       V21       V22       V23       V24       V25       V26       V27       V28  Amount  Class
0   63252.0 -0.455375  0.414891  1.992896  1.469398 -0.882222  1.885401 -1.869259 -1.920310 -0.010322 -0.705246  0.999629  0.252931 -2.359030  0.806677  0.648439 -0.385158  0.688251 -0.045538  0.090288  0.607119 -1.251799  0.432903 -0.131333 -0.342365  0.898013 -0.071540  0.102069  0.184672   46.50      0
1  136944.0 -0.813941  0.706229  0.291162 -2.623354  0.563792 -0.190741 -0.064674 -3.175029 -1.521131  0.202459  0.852708 -0.755098 -1.399465  0.338879 -1.052677  1.259852 -0.360586 -1.061902  0.179612  0.674630 -1.171450  0.618023 -0.012904  0.706524 -0.188903 -0.571543 -0.584867 -0.286473    2.39      0
2    8520.0  1.319841  0.512946  0.119723  0.692855  0.189062 -0.532439  0.038865 -0.284546  1.236060 -0.678639  0.288538 -2.059141  2.931123  0.914117  0.316084  0.650125  0.370141  0.134231 -0.091871 -0.039550 -0.482864 -1.093990  0.026210 -0.544300  0.335808  0.105421 -0.044711  0.017663    1.29      0
3  168108.0 -1.224167  1.830466 -0.779618  0.570635  1.320154  0.543307  0.118290 -3.250385 -0.527869  0.501932 -0.385658  0.448522 -0.334154  0.739753 -1.025563 -0.615893 -0.228208  0.596510  1.455199 -0.709470  3.093734 -0.492733 -0.102833 -1.063035  0.207044 -0.302575  0.656874  0.218911   22.00      0
4   63601.0  1.204403  0.175973  0.611356  0.556644 -0.560753 -0.795988 -0.067831 -0.046275 -0.161658  0.116244  1.590270  0.890412 -0.247319  0.535868  0.364804  0.460216 -0.574242 -0.059625  0.096847 -0.118950 -0.197931 -0.630016  0.155393  0.518212  0.145458  0.066042 -0.035325  0.009808    0.89      0
[2023-12-27 23:16:45,977] 65 root - INFO - Test Dataframe Head : 
       Time        V1        V2        V3        V4        V5        V6        V7        V8        V9       V10       V11       V12       V13       V14       V15       V16       V17       V18       V19       V20       V21       V22       V23       V24       V25       V26       V27       V28  Amount  Class
0  120693.0  1.961083 -1.023925 -2.692947 -0.887022  0.124964 -1.401708  0.584494 -0.574755 -1.244887  1.049599  0.626219 -0.321149 -0.556326  0.743170 -1.150856  0.386398  0.219227 -1.080293  1.109675  0.249014  0.602236  1.405272 -0.419489 -0.235909  0.702422  0.284518 -0.133325 -0.078937  175.00      0
1   36216.0  1.031383 -0.203075  1.392117  1.009593 -0.924233  0.472801 -0.901900  0.386408  0.479945  0.060783  1.393366  0.823537 -0.126994  0.116808  1.162339  0.681835 -0.724117  0.684033 -0.863545 -0.095229  0.343337  0.988677 -0.071179  0.020358  0.248977 -0.243436  0.083443  0.033456   31.63      0
2   75539.0 -0.497930 -0.374639  1.817779 -1.561030 -1.148598  0.253888  0.273994  0.181870  1.752243 -1.945642 -0.738924  1.036424  0.266385 -0.843163 -0.261113 -1.501415  0.733701 -0.487253  0.919466  0.225725  0.176754  0.797945  0.029787  0.178258  0.202915  0.154334  0.059019  0.031610  135.30      0
3   88721.0 -0.673553 -0.464611  2.929005 -1.368438 -0.786675  1.561661 -0.842274  0.434337  0.748608 -0.139307 -2.733607 -0.505559 -0.102980 -1.835752 -1.773071 -1.540487 -0.012816  1.660567 -0.293165 -0.217473 -0.443321 -0.132598 -0.448111  0.125928  0.441673  0.860720  0.163223 -0.092768   10.00      0
4  138036.0 -4.505657  2.990205 -1.253507 -1.839004  0.669267 -0.066989  1.512996 -0.363227  2.963742  5.073309  0.755560  0.600232  0.259189 -1.455439 -0.839889 -0.336427 -1.177729 -0.402249  0.265112  1.739093 -0.999736 -0.765658 -0.071312  0.074386  0.871881  0.299076  1.448167  1.232738   49.93      0
[2023-12-27 23:16:45,977] 32 root - INFO - Data Transformation initiated
[2023-12-27 23:16:47,649] 85 root - INFO - Applying preprocessing object on training and testing datasets.
[2023-12-27 23:16:47,681] 95 root - INFO - preprocessing pickle file saved
