[2023-12-27 22:48:38,297] 27 root - INFO - data ingestion started
[2023-12-27 22:48:39,611] 31 root - INFO - I have read dataset as dataframe
[2023-12-27 22:48:47,921] 36 root - INFO -  i have saved the raw dataset in artifact folder
[2023-12-27 22:48:47,982] 41 root - INFO - train test split completed
[2023-12-27 22:48:56,180] 46 root - INFO - data ingestion part completed
[2023-12-27 22:48:58,666] 61 root - INFO - read train and test data 
[2023-12-27 22:48:58,701] 62 root - INFO - Train Dataframe Head : 
       Time        V1        V2        V3        V4        V5        V6        V7        V8        V9       V10       V11       V12       V13       V14       V15       V16       V17       V18       V19       V20       V21       V22       V23       V24       V25       V26       V27       V28  Amount  Class
0   75941.0  0.973239  0.228502  0.898062  2.566892 -0.480183 -0.372226  0.076439 -0.068450 -0.621092  0.604383 -0.477181  0.023685  0.228747  0.175074  0.688149  0.925085 -0.718820 -0.323571 -1.034885  0.068361 -0.148346 -0.726617  0.064965  0.335526  0.145086 -0.269322 -0.012317  0.051307  104.99      0
1   85455.0 -2.383657 -0.063042  0.091657  0.373065 -0.085654 -0.936165 -0.209057  0.949557 -0.704467 -0.692133  0.753861  0.333925 -0.653327  0.559029  0.358051  1.055182  0.000838  0.697130  0.373560 -0.173584 -0.181216 -0.738285  0.656903 -0.067530 -0.003852  0.089192  0.113600 -0.559356    8.99      0
2  142743.0 -1.233836 -0.627784  1.041427 -2.987216 -0.571088 -0.354355 -0.424596  0.460877 -2.699918  0.290054  0.085317 -0.291238  0.635843 -0.132662 -1.457001 -0.024149  0.104657  0.523577 -0.342261 -0.199876 -0.051335 -0.159152 -0.260517 -0.486994  0.697699 -0.156399 -0.110234 -0.094682   65.00      0
3   68889.0 -0.877508  0.286713  0.737966 -1.764195 -0.228386 -0.854461  0.098005  0.458301 -1.960426 -0.085161  1.380812 -0.246755 -0.939221  0.708412 -0.648713  1.012679  0.446559 -1.676159  0.074688 -0.080062  0.117101 -0.123208  0.090685  0.181911 -0.338397 -0.654367 -0.035464  0.017766   22.96      0
4  126567.0  0.087255  0.243265 -0.596082 -0.275108  1.124587  0.044140  1.207018 -0.209735  0.441768 -0.967421 -1.695525 -1.017483 -1.005997 -1.415105 -0.612278  0.163668  0.428153  0.487329 -0.058738  0.156679  0.022133  0.188634 -0.041343 -0.172951  0.032823  0.385568 -0.201893 -0.198067  110.00      0
[2023-12-27 22:48:58,711] 63 root - INFO - Test Dataframe Head : 
       Time        V1        V2        V3        V4        V5        V6        V7        V8        V9       V10       V11       V12       V13       V14       V15       V16       V17       V18       V19       V20       V21       V22       V23       V24       V25       V26       V27       V28  Amount  Class
0   38667.0  1.329121 -0.748920  0.605577 -0.858513 -0.853201  0.250487 -1.001991  0.054992 -0.515807  0.517976 -0.656853 -0.233351  1.556061 -0.684156  1.309022  1.382488 -0.032321 -1.159676  0.162453  0.221985  0.386243  1.092129 -0.218367 -0.691288  0.491765  0.025461  0.054198  0.021869   43.99      0
1  156810.0  1.856127 -2.100976 -4.149332 -2.430624  1.890788  2.727242 -0.187997  0.304536 -2.302196  1.637153 -0.166450 -0.925777  0.108176  0.539932 -0.244546 -1.487031  0.731340 -0.492926 -0.226034  0.166974  0.282930  0.629647 -0.353882  0.777188  0.590502  0.292710 -0.102609 -0.046163  291.00      0
2  148261.0 -1.120924  1.545385  1.565973  2.190025  1.604699  0.316414  1.257766  0.049726 -1.970462  0.380910 -1.451394 -0.674388 -0.220158  0.091230 -1.349400  0.947423 -0.950409 -0.744549 -1.871072 -0.250213 -0.281469 -1.023414 -0.307586  0.522538  0.613795 -0.337228 -0.126648  0.038615   16.80      0
3   34606.0 -0.807323  0.969242  1.309037  1.329232  0.146625  0.111203  0.183953 -0.619116 -0.034712  0.020394 -0.816407 -0.365043 -1.287955  0.266631  0.340273 -1.151629  0.755974 -0.535110  0.724378 -0.151377  0.697124 -0.092435 -0.061681  0.061650 -0.110322 -0.210245  0.499581  0.192322   23.00      0
4   28415.0  1.251389 -0.667422  0.921663  0.554779 -0.941759  0.815771 -1.103695  0.315178 -0.054378  0.637475 -1.695678 -0.443590 -0.321445 -0.380719  0.387205 -1.394123  0.011219  1.196219 -1.067256 -0.570613 -0.454477 -0.665887  0.004790 -0.821983  0.306264 -0.308691  0.104955  0.031784   22.00      0
[2023-12-27 22:48:58,711] 103 root - INFO - Exception occured in the initiate_datatransformation stage
