[2023-12-27 23:59:45,261] 27 root - INFO - data ingestion started
[2023-12-27 23:59:46,720] 31 root - INFO - I have read dataset as dataframe
[2023-12-27 23:59:56,841] 36 root - INFO -  i have saved the raw dataset in artifact folder
[2023-12-27 23:59:56,940] 41 root - INFO - train test split completed
[2023-12-28 00:00:15,363] 46 root - INFO - data ingestion part completed
[2023-12-28 00:00:18,345] 67 root - INFO - read train and test data 
[2023-12-28 00:00:18,370] 68 root - INFO - Train Dataframe Head : 
       Time        V1        V2        V3        V4        V5        V6        V7        V8        V9       V10       V11       V12       V13       V14       V15       V16       V17       V18       V19       V20       V21       V22       V23       V24       V25       V26       V27       V28  Amount  Class
0  147851.0 -1.324629 -0.122466  2.377010 -1.019321 -0.918921  0.048764  0.188646 -0.358170 -0.288806  0.406901 -0.987565 -0.214784  0.812702 -0.958851  0.832057 -1.409476 -0.409090  1.687061 -0.493197 -0.718937 -0.399096 -0.168759 -0.124851  0.029037  0.240966 -0.267053 -0.404253 -0.187163   86.56      0
1  116166.0 -3.328463  3.215358 -2.390338 -0.671086 -1.621781 -1.531534 -0.981689  2.193109  0.241508  0.305487 -1.573437  1.078194  0.368005  1.379786 -0.508568  0.439051  0.447127 -0.650208 -0.295690  0.136947 -0.243264 -0.755451  0.369243  0.016574 -0.074683  0.148361 -0.030814 -0.145654    8.91      0
2    9362.0 -0.881074  0.934980  2.307692  1.797961 -0.345140  0.954981 -0.051457  0.100461  2.073544 -0.529254 -0.192500 -1.802938  1.571094  0.488542 -2.123719 -1.714231  1.831874 -0.837037  1.111841 -0.176553 -0.398532 -0.545204 -0.028122  0.018075 -0.461343 -0.527050 -0.312926  0.153317   23.89      0
3   29441.0  1.033766  0.478620  0.041410  2.299934  0.579101  0.432707  0.333051  0.150081 -1.285454  0.809404  1.571650  0.598279 -0.428922  0.835330  0.046493 -0.047934 -0.148320 -0.871345 -1.330327 -0.167408  0.109964  0.240531 -0.082654 -0.281191  0.530922  0.107347 -0.018561 -0.001524   36.79      0
4   55342.0  1.453479 -0.372199  0.377412 -0.800245 -0.779077 -0.708927 -0.511677 -0.204873 -0.855473  0.583856 -0.524666 -0.255067  1.130722 -0.368596  0.728328  1.339603 -0.016358 -1.516961  0.815869  0.130673 -0.125509 -0.423226  0.062111 -0.142998  0.334788 -0.449215  0.016415  0.018307    4.13      0
[2023-12-28 00:00:18,379] 69 root - INFO - Test Dataframe Head : 
       Time        V1        V2        V3        V4        V5        V6        V7        V8        V9       V10       V11       V12       V13       V14       V15       V16       V17       V18       V19       V20       V21       V22       V23       V24       V25       V26       V27       V28   Amount  Class
0   61480.0 -2.839403 -7.585160 -1.021272  0.199690 -3.758797  0.610258  1.661972 -0.289189  3.127792 -2.934404 -0.524363  1.688945 -0.053141 -0.406313 -0.087152 -1.842147  1.221750 -0.254011  0.592662  4.020654  1.188909 -0.582551 -1.889059  0.576536 -0.154483 -0.886454 -0.232359  0.392204  2071.00      0
1  161524.0 -1.115501  0.852017 -0.159818 -0.860366  1.195866 -1.019150  0.688182  0.314658 -0.559327 -1.622166 -1.030749 -0.063175  0.014807 -0.633490 -0.527444  0.630078  0.359203 -0.141444 -0.566908 -0.069045 -0.212951 -0.956315 -0.073430  0.481631 -0.071177  0.081808 -0.078297  0.007704    11.99      0
2  152674.0  1.910163 -0.157871  0.215995  1.366330 -0.710781 -0.209433 -0.650153  0.001146  0.972148  0.102323 -0.713444  1.075982  1.444326 -0.465237  0.568808  0.455039 -0.795836  0.015562 -0.758517 -0.160205  0.077581  0.451199  0.265668 -0.022480 -0.314331 -0.757778  0.088776 -0.016769    11.40      0
3   41991.0  1.376760 -1.113929  0.406270 -1.529630 -1.130165  0.236513 -1.159622  0.172218 -2.114390  1.517989  1.674961 -0.013247  0.375300 -0.052167  0.373041 -0.795751  0.821821 -0.452271 -0.681776 -0.368908 -0.102572  0.118427  0.076895 -0.309664  0.207184 -0.165049  0.058182  0.005115    20.00      0
4   76661.0  0.461642 -2.234970  0.684523  0.022088 -2.028784 -0.161714 -0.489696 -0.085976  0.029199  0.159448 -0.742493 -0.038006  0.470502 -0.880077 -0.659711  0.782842  0.685741 -1.491449  0.766500  0.997659  0.282017 -0.029128 -0.398362  0.460389  0.227712 -0.294368 -0.029839  0.105376   465.26      0
[2023-12-28 00:00:18,379] 33 root - INFO - Data Transformation initiated
[2023-12-28 00:00:28,619] 88 root - INFO - Applying preprocessing object on training and testing datasets.
[2023-12-28 00:00:28,641] 98 root - INFO - preprocessing pickle file saved
[2023-12-28 00:00:28,655] 40 root - INFO - Model training initiated
[2023-12-28 00:00:29,742] 45 root - INFO - Splitting Dependent and Independent variables from train and test data
[2023-12-28 00:00:29,760] 49 root - INFO - Split the data into training and testing sets
[2023-12-28 00:00:29,810] 52 root - INFO - Train multiple classifiers in model_training stage
