[2023-12-28 00:34:57,633] 27 root - INFO - data ingestion started
[2023-12-28 00:34:58,986] 31 root - INFO - I have read dataset as dataframe
[2023-12-28 00:35:08,196] 36 root - INFO -  i have saved the raw dataset in artifact folder
[2023-12-28 00:35:08,291] 41 root - INFO - train test split completed
[2023-12-28 00:35:17,526] 46 root - INFO - data ingestion part completed
[2023-12-28 00:35:20,461] 67 root - INFO - read train and test data 
[2023-12-28 00:35:20,491] 68 root - INFO - Train Dataframe Head : 
       Time        V1        V2        V3        V4        V5        V6        V7        V8        V9       V10       V11       V12       V13       V14       V15       V16       V17       V18       V19       V20       V21       V22       V23       V24       V25       V26       V27       V28  Amount  Class
0  157026.0  0.246518  1.050486  0.036518  1.012303  0.706608 -0.098497  0.555872 -0.015030 -0.926564 -0.150657  1.339565  0.389150  0.085947 -0.524354  0.675081 -0.665493  1.253432  0.635564  2.983589  0.285227 -0.170018 -0.355441  0.093150  0.707160 -1.096417  0.496936  0.204366  0.229134    0.99      0
1   36678.0  0.972901 -0.124146  0.011327  1.419241 -0.179636 -0.369762  0.325185 -0.072257  0.182704 -0.074055 -0.582744 -0.111580 -1.094180  0.496020  0.362095 -0.608287  0.224679 -0.745325 -0.518256 -0.025405  0.051382  0.035050 -0.207439  0.082229  0.691554 -0.240596 -0.002492  0.028500  119.00      0
2  143591.0  0.088024  0.849746  0.686617  0.943402 -0.074714  0.990462 -1.290815 -2.486661 -0.066018 -0.705000 -1.945719 -0.404367 -0.472207  0.565200  1.309466  0.543941 -0.613961  0.840016  0.231102  0.610642 -1.137200  0.843005 -0.316032 -1.084152  1.001998 -0.205460  0.154598  0.245495    1.00      0
3   48873.0 -0.490897 -0.010887  1.775204 -1.678298 -1.186766 -0.712139 -0.272363 -0.132180 -2.449266  1.367705 -0.617994 -1.412342  0.258421 -0.394106  0.843612 -0.772725  0.794949  0.249469  0.643923 -0.039512 -0.199051 -0.134484 -0.215173  0.315228  0.273147 -0.063251  0.197333  0.140407   20.00      0
4   36479.0 -0.865323 -0.799282  1.640239 -0.929265 -1.031337  1.145238  1.330518  0.082471  0.503297 -1.075537  0.723541  1.004568  0.182872 -0.764808 -1.469084  0.096465 -0.427374 -0.360176 -0.312508  0.679049  0.060975 -0.044357  0.709049 -0.271362 -0.309374  0.723103 -0.275075 -0.178859  348.76      0
[2023-12-28 00:35:20,498] 69 root - INFO - Test Dataframe Head : 
       Time        V1        V2        V3        V4        V5        V6        V7        V8        V9       V10       V11       V12       V13       V14       V15       V16       V17       V18       V19       V20       V21       V22       V23       V24       V25       V26       V27       V28  Amount  Class
0  136048.0 -0.490694  1.587423 -0.336955  1.007208  0.632892 -0.816784  1.244107  0.054534 -1.031662 -0.281923 -1.015130  0.731849  1.075385  0.554815 -0.496808 -1.148428  0.288644 -0.476331  0.734932  0.075160  0.183932  0.758758 -0.197609  0.035676  0.102766 -0.377597  0.315202  0.185473   32.94      0
1   35722.0  1.040878 -0.751288  1.468799  0.889193 -1.398602  0.706700 -1.183554  0.491402  1.618851 -0.246347 -0.075701  0.491283 -1.584753 -0.515428 -1.589831  0.076893 -0.027204  0.465519  0.711965 -0.107346 -0.034031  0.136797 -0.117991  0.052760  0.299644  0.576357  0.018757  0.016875   49.00      0
2  160061.0  2.040289  0.058094 -1.791862  0.243575  0.575209 -0.349306  0.028631 -0.020209  0.324209 -0.202633  0.886855  0.513349 -0.480683 -0.557333 -0.376208  0.545877  0.222313  0.236156  0.362363 -0.176380 -0.328456 -0.892213  0.311499  0.183174 -0.288657  0.175572 -0.066811 -0.044717    1.29      0
3   36362.0  0.043536  2.392799 -2.241497  1.296069  1.260976 -1.572737  1.238882 -0.516432  0.368560  0.205747  0.706265 -0.083563  1.344843 -4.339143  1.047934  0.748784  2.419905  1.404819 -0.352906  0.793279 -0.334345 -0.198735  0.011793 -0.436786 -0.164001 -0.385404  0.523540  0.037974    8.50      0
4  126788.0 -0.687998  0.357569  1.819517  0.607785  0.148789  0.345186 -0.303268  0.256182 -0.233312 -0.037717  0.987031  0.201206 -0.602138  0.378196  1.511337 -0.709692  0.352882  0.739013  3.238686  0.203169 -0.191115 -0.508127 -0.197733  0.763205 -0.154610  0.185904  0.035488  0.056413   13.00      0
[2023-12-28 00:35:20,498] 33 root - INFO - Data Transformation initiated
[2023-12-28 00:35:30,079] 88 root - INFO - Applying preprocessing object on training and testing datasets.
[2023-12-28 00:35:30,112] 98 root - INFO - preprocessing pickle file saved
[2023-12-28 00:35:30,135] 40 root - INFO - Model training initiated
[2023-12-28 00:35:31,334] 45 root - INFO - Splitting Dependent and Independent variables from train and test data
[2023-12-28 00:35:31,351] 49 root - INFO - Split the data into training and testing sets
[2023-12-28 00:35:31,421] 52 root - INFO - Train multiple classifiers in model_training stage
[2023-12-28 00:38:17,649] 68 root - INFO - Model Report : {'KNeighborsClassifier': 0.03670275038377613, 'SVC': -0.00182913960087272, 'DecisionTreeClassifier': 0.6018371368252942, 'LogisticRegression': 0.4477095768866983}
[2023-12-28 00:38:17,651] 84 root - INFO - Best Model Found , Model Name : DecisionTreeClassifier , Accuracy Score : 0.6018371368252942
