[2023-12-27 23:33:04,626] 27 root - INFO - data ingestion started
[2023-12-27 23:33:05,915] 31 root - INFO - I have read dataset as dataframe
[2023-12-27 23:33:14,227] 36 root - INFO -  i have saved the raw dataset in artifact folder
[2023-12-27 23:33:14,298] 41 root - INFO - train test split completed
[2023-12-27 23:33:22,972] 46 root - INFO - data ingestion part completed
[2023-12-27 23:33:25,788] 63 root - INFO - read train and test data 
[2023-12-27 23:33:25,804] 64 root - INFO - Train Dataframe Head : 
       Time        V1        V2        V3        V4        V5        V6        V7        V8        V9       V10       V11       V12       V13       V14       V15       V16       V17       V18       V19       V20       V21       V22       V23       V24       V25       V26       V27       V28  Amount  Class
0  140983.0 -1.213264  0.788113  0.456210 -0.627899  1.304565  2.196100 -0.375079  1.342703 -0.263044 -1.513399  1.686450  1.115885  0.360856 -0.837275  1.193306 -0.444027  1.502824 -0.822043 -0.913259  0.078122 -0.151008 -0.420924 -0.027847 -1.212946  0.229703 -0.333920  0.179583 -0.080983   19.51      0
1  115448.0  2.069113 -0.647445 -2.175806 -0.920958  0.258032 -0.468795 -0.172649 -0.188365 -0.879733  0.394521  1.105071  0.216377  0.705836 -1.220586 -0.833974  1.293520  0.923238 -0.812613  1.017524  0.214930  0.030271 -0.047949  0.077925  0.146310  0.020609 -0.308266 -0.039946 -0.031005   80.96      0
2  121293.0 -0.815020 -0.051572  1.203781  1.058224  0.770917  0.897237  0.404272  0.371077 -0.124972 -0.430960 -0.050705  0.735690 -0.339783 -0.054488 -1.496524 -0.603045 -0.041571  0.060611  1.619627  0.358965 -0.314787 -1.058581  0.374888  0.202329 -0.353569 -0.968201  0.153186  0.180595  116.30      0
3  121478.0 -0.778481  0.909374  2.028917  0.754028  0.336520  0.768372  0.693105 -0.172883 -0.084097 -0.154928 -0.919149  0.246423  1.190500 -0.718859  0.648972 -0.410742 -0.381046  0.364725  0.519070  0.150908  0.216688  0.940356 -0.524149  0.657191  0.683563 -0.260837 -0.290232 -0.123858   48.95      0
4  132111.0  0.529227 -3.923988 -3.533610 -0.967489 -0.909948 -0.810713  1.283908 -0.816369 -2.678929  1.432910  0.990684  0.372939  1.496306  0.445354 -1.367278 -1.167467  0.508451  0.142483 -0.037190  1.580965  0.756447  0.557808 -0.975440  0.905546  0.329004  0.139984 -0.250588  0.077886  967.00      0
[2023-12-27 23:33:25,811] 65 root - INFO - Test Dataframe Head : 
       Time        V1        V2        V3        V4        V5        V6        V7        V8        V9       V10       V11       V12       V13       V14       V15       V16       V17       V18       V19       V20       V21       V22       V23       V24       V25       V26       V27       V28  Amount  Class
0   81525.0 -2.687250  0.032182  0.656914  0.364515  1.349098 -1.343624  0.347854  0.163455 -0.775879 -0.554323 -0.438592  0.258104  0.045006  0.673931  0.461748 -0.192936 -0.105619 -0.752442 -1.063408 -0.519214  0.093307  0.077084 -0.873923  0.146591  0.678809 -0.396941 -0.381117 -0.045046    2.29      0
1   67513.0  1.243253 -1.245236  1.708405 -0.124949 -2.151267  0.350618 -1.784460  0.471699  1.038526  0.285274 -1.046866 -1.144304 -2.396849 -0.880978 -0.887795  0.281151  1.422356 -1.632696  0.523765 -0.162432  0.161365  0.747366  0.007140  0.419206  0.284871 -0.028615  0.087852  0.022173    3.96      0
2  135782.0  1.669388 -0.896424 -0.642623  0.295376 -0.671063 -0.163155 -0.440602  0.055751  1.175066 -0.101880  0.593877  0.872119 -0.184705  0.296025  0.492620  0.426742 -0.959261  0.955076 -0.036898  0.073838  0.352136  0.823854 -0.053816 -0.394833 -0.132617 -0.571255  0.027146 -0.020544  159.00      0
3   35379.0 -1.330743  0.848670  0.691305  3.040710 -0.887070  0.194312  2.060350  0.095319 -2.376133  0.052271 -0.588741 -0.286127  0.564106  0.799731  0.937730 -0.239174  0.303535  0.014891  0.865702  0.897274  0.320436  0.137020  0.581341  0.380041  0.622789  0.341375 -0.208340  0.041496  387.94      0
4   38206.0  1.289486 -0.982471 -1.485283 -1.748776  1.502536  3.121208 -0.810560  0.681659 -1.048841  0.669621 -0.016292 -0.763640  0.186215  0.083464  0.849642  1.326960 -0.208271 -0.929973  0.859331  0.398470  0.219847  0.197358 -0.237808  1.045162  0.756093 -0.112072 -0.022053  0.021205  110.75      0
[2023-12-27 23:33:25,811] 32 root - INFO - Data Transformation initiated
[2023-12-27 23:33:27,635] 85 root - INFO - Applying preprocessing object on training and testing datasets.
[2023-12-27 23:33:27,665] 95 root - INFO - preprocessing pickle file saved
[2023-12-27 23:33:27,677] 40 root - INFO - Model training initiated
[2023-12-27 23:33:27,681] 93 root - INFO - Exception occured at Model Training stage
