[2023-12-31 23:18:26,053] 27 root - INFO - data ingestion started
[2023-12-31 23:18:27,582] 31 root - INFO - I have read dataset as dataframe
[2023-12-31 23:18:36,999] 36 root - INFO -  i have saved the raw dataset in artifact folder
[2023-12-31 23:18:37,062] 41 root - INFO - Train-Test split completed
[2023-12-31 23:18:45,245] 46 root - INFO - Raw data has been splitted into train and test data
[2023-12-31 23:18:45,245] 47 root - INFO - Now data ingestion part is completed
[2023-12-31 23:18:45,245] 70 root - INFO -  initiate_data_transformation stage initiated 
[2023-12-31 23:18:46,525] 75 root - INFO - Train Dataframe Head : 
       Time        V1        V2        V3        V4        V5        V6        V7        V8        V9       V10       V11       V12       V13       V14       V15       V16       V17       V18       V19       V20       V21       V22       V23       V24       V25       V26       V27       V28  Amount  Class
0   36617.0  1.187380  0.199693  0.675827  1.486219 -0.452684 -0.448933 -0.013155 -0.118277  0.410831 -0.140283 -0.740423  0.853482  0.609606 -0.282847 -0.535459 -0.440569 -0.037525 -0.481937 -0.043645 -0.108702 -0.050502  0.137015 -0.132043  0.439110  0.761994 -0.274604  0.042129  0.024067    9.99      0
1  119146.0 -2.664503 -1.229348 -0.707650 -0.182135  2.966312 -1.824825  1.136211 -0.193856 -1.041755 -0.608175  1.397499  0.204236 -0.158346 -0.504748 -0.346260  0.203529  0.335684  0.475478  0.138528 -0.236590 -0.106811  0.379354  1.516374  0.632561  1.773509  0.864458  0.253943 -0.251573   29.00      0
[2023-12-31 23:18:46,537] 76 root - INFO - Test Dataframe Head : 
       Time        V1        V2        V3        V4        V5        V6        V7        V8        V9       V10       V11       V12       V13       V14       V15       V16       V17       V18       V19       V20       V21       V22       V23       V24       V25       V26       V27       V28  Amount  Class
0  119441.0 -1.447344  0.327142  0.374036  1.132428  0.670938  0.658049  0.116043  0.747326  0.001867 -0.260706 -0.449186  0.485182 -1.150593  0.337595 -1.947024 -0.851449  0.360494  0.129938  1.733315 -0.079582 -0.257056 -0.463453  0.310331  0.240160  0.112958 -0.653265  0.241897  0.087883   46.35      0
1  154049.0 -0.874832  1.537751 -1.397886 -0.691691  0.530026 -0.346422  0.170651  0.922801 -0.483551 -0.831716  0.527079  1.001749  0.483034 -0.343544 -0.960903  0.789968  0.346500  0.326617  0.079143 -0.006405 -0.243760 -0.791480  0.148713  0.124564 -0.309018  0.128780  0.086956 -0.014708   17.99      0
[2023-12-31 23:18:46,537] 81 root - INFO - Column names in the dataframe: Index(['Time', 'V1', 'V2', 'V3', 'V4', 'V5', 'V6', 'V7', 'V8', 'V9', 'V10',
       'V11', 'V12', 'V13', 'V14', 'V15', 'V16', 'V17', 'V18', 'V19', 'V20',
       'V21', 'V22', 'V23', 'V24', 'V25', 'V26', 'V27', 'V28', 'Amount',
       'Class'],
      dtype='object')
[2023-12-31 23:18:46,537] 82 root - INFO - Columns specified in numerical_cols: ['V1', 'V2', 'V3', 'V4', 'V5', 'V6', 'V7', 'V8', 'V9', 'V10', 'V11', 'V12', 'V13', 'V14', 'V15', 'V16', 'V17', 'V18', 'V19', 'V20', 'V21', 'V22', 'V23', 'V24', 'V25', 'V26', 'V27', 'V28']
[2023-12-31 23:18:46,537] 40 root - INFO - get_data_transformation stage started
[2023-12-31 23:18:46,537] 43 root - INFO - Pipeline initiated
[2023-12-31 23:18:46,553] 98 root - INFO - Applying preprocessing object on training and testing datasets.
[2023-12-31 23:18:47,029] 104 root - INFO - Taking array of dataframe for better learning (fast processing)
[2023-12-31 23:18:47,069] 114 root - INFO - preprocessing pickle file saved
[2023-12-31 23:18:47,084] 51 root - INFO - Model Training stage started
[2023-12-31 23:18:47,084] 52 root - INFO - Splitting Dependent and Independent variables from train and test data
[2023-12-31 23:18:47,084] 73 root - INFO - Training of multiple classifiers in model_training stage started
[2023-12-31 23:18:47,084] 76 root - INFO - To prevent over fitting, let's find best parameter and train again
