[2023-12-30 12:07:04,153] 27 root - INFO - data ingestion started
[2023-12-30 12:07:05,171] 31 root - INFO - I have read dataset as dataframe
[2023-12-30 12:07:11,527] 36 root - INFO -  i have saved the raw dataset in artifact folder
[2023-12-30 12:07:12,586] 70 root - INFO -  Initialize data transformation stage initiated 
[2023-12-30 12:07:12,586] 71 root - INFO - read raw data 
[2023-12-30 12:07:13,671] 74 root - INFO - Raw Dataframe Head : 
   Time        V1        V2        V3        V4        V5        V6        V7        V8        V9       V10       V11       V12       V13       V14       V15       V16       V17       V18       V19       V20       V21       V22       V23       V24       V25       V26       V27       V28  Amount  Class
0   0.0 -1.359807 -0.072781  2.536347  1.378155 -0.338321  0.462388  0.239599  0.098698  0.363787  0.090794 -0.551600 -0.617801 -0.991390 -0.311169  1.468177 -0.470401  0.207971  0.025791  0.403993  0.251412 -0.018307  0.277838 -0.110474  0.066928  0.128539 -0.189115  0.133558 -0.021053  149.62      0
1   0.0  1.191857  0.266151  0.166480  0.448154  0.060018 -0.082361 -0.078803  0.085102 -0.255425 -0.166974  1.612727  1.065235  0.489095 -0.143772  0.635558  0.463917 -0.114805 -0.183361 -0.145783 -0.069083 -0.225775 -0.638672  0.101288 -0.339846  0.167170  0.125895 -0.008983  0.014724    2.69      0
2   1.0 -1.358354 -1.340163  1.773209  0.379780 -0.503198  1.800499  0.791461  0.247676 -1.514654  0.207643  0.624501  0.066084  0.717293 -0.165946  2.345865 -2.890083  1.109969 -0.121359 -2.261857  0.524980  0.247998  0.771679  0.909412 -0.689281 -0.327642 -0.139097 -0.055353 -0.059752  378.66      0
3   1.0 -0.966272 -0.185226  1.792993 -0.863291 -0.010309  1.247203  0.237609  0.377436 -1.387024 -0.054952 -0.226487  0.178228  0.507757 -0.287924 -0.631418 -1.059647 -0.684093  1.965775 -1.232622 -0.208038 -0.108300  0.005274 -0.190321 -1.175575  0.647376 -0.221929  0.062723  0.061458  123.50      0
4   2.0 -1.158233  0.877737  1.548718  0.403034 -0.407193  0.095921  0.592941 -0.270533  0.817739  0.753074 -0.822843  0.538196  1.345852 -1.119670  0.175121 -0.451449 -0.237033 -0.038195  0.803487  0.408542 -0.009431  0.798278 -0.137458  0.141267 -0.206010  0.502292  0.219422  0.215153   69.99      0
[2023-12-30 12:07:13,671] 31 root - INFO - data transformation stage initiated
[2023-12-30 12:07:14,880] 52 root - INFO - I have read data head(2) after scaling data 
[2023-12-30 12:07:15,236] 86 root - INFO - Apply preprocessing object on transformed datasets
[2023-12-30 12:07:15,236] 98 root - INFO - preprocessing pickle file saved
[2023-12-30 12:07:15,252] 54 root - INFO - Model training initiated
[2023-12-30 12:07:15,252] 59 root - INFO - Splitting Dependent and Independent variables from train and test data
[2023-12-30 12:07:15,252] 63 root - INFO - Split the data into training and testing sets
[2023-12-30 12:07:15,270] 82 root - INFO - Train multiple classifiers in model_training stage
[2023-12-30 12:07:20,887] 99 root - INFO - Model Report : {'LogisiticRegression': 0.687001942007634, 'KNearest': 0.456371794013259, 'Support Vector Classifier': 0.5222661220116519, 'DecisionTreeClassifier': 0.6211076140092411, 'RandomForestClassifier': 0.6540547780084376}
[2023-12-30 12:07:20,902] 111 root - INFO - Best Model Found , Model Name : LogisiticRegression , Accuracy Score : 0.687001942007634
[2023-12-30 12:07:20,904] 149 root - INFO - Metrics Evaluation (accuracy score) started
[2023-12-30 12:07:20,904] 155 root - INFO - Model Validation stage started
